[2020-08-15T08:34:31.588499+00:00] slim-app.INFO: User is created {"user_id":4} {"uid":"48f553e"}
[2020-08-15T08:46:51.607068+00:00] slim-app.INFO: User updated {"id":1} {"uid":"40dec4d"}
[2020-08-15T08:47:03.592092+00:00] slim-app.INFO: User list [] {"uid":"218801f"}
[2020-08-15T09:29:01.216904+00:00] slim-app.INFO: Delete User {"id":"1"} {"uid":"c874f64"}
[2020-08-15T09:29:41.613248+00:00] slim-app.INFO: Delete User {"id":"2"} {"uid":"5774ca5"}
[2020-08-15T16:44:39.984906+00:00] slim-app.INFO: User list [] {"uid":"d677307"}
[2020-08-15T17:00:39.276882+00:00] slim-app.INFO: User list [] {"uid":"0dec8d9"}
[2020-08-15T17:00:39.943945+00:00] slim-app.INFO: User list [] {"uid":"b6e3603"}
[2020-08-15T17:07:02.684185+00:00] slim-app.INFO: User is created {"user_id":5} {"uid":"e39b5fa"}
[2020-08-15T17:20:01.329007+00:00] slim-app.INFO: User is created {"user_id":6} {"uid":"a699feb"}
[2020-08-15T17:20:03.617515+00:00] slim-app.INFO: User is created {"user_id":7} {"uid":"1804a0b"}
[2020-08-15T17:30:37.052665+00:00] slim-app.INFO: User list [] {"uid":"7b33924"}
[2020-08-15T17:32:07.952486+00:00] slim-app.INFO: Find user  [] {"uid":"be1aad2"}
[2020-08-15T17:34:12.657169+00:00] slim-app.INFO: Find user  [] {"uid":"1805ebe"}
[2020-08-15T17:34:34.042950+00:00] slim-app.INFO: Find user  [{"id":"6","username":"","first_name":"Mai","last_name":"Binh","email":"aasa@gmail.com"}] {"uid":"b75c420"}
[2020-08-15T17:48:22.924286+00:00] slim-app.INFO: User list [] {"uid":"9b26c4c"}
[2020-08-15T18:00:57.927315+00:00] slim-app.INFO: User list [] {"uid":"0bfb792"}
[2020-08-15T18:01:24.696710+00:00] slim-app.INFO: User list [] {"uid":"2ca342c"}
[2020-08-16T02:22:32.288673+00:00] slim-app.INFO: User list [] {"uid":"6a9a35d"}
[2020-08-16T03:12:47.769018+00:00] slim-app.INFO: User list [] {"uid":"aea166c"}
[2020-08-16T03:13:32.447657+00:00] slim-app.INFO: User list [] {"uid":"abaa36e"}
[2020-08-16T03:14:54.308105+00:00] slim-app.INFO: User list [] {"uid":"5718e8d"}
[2020-08-16T03:15:35.175055+00:00] slim-app.INFO: User list [] {"uid":"1c8aa43"}
[2020-08-16T04:43:55.824043+00:00] slim-app.INFO: User list [] {"uid":"2e020ea"}
[2020-08-16T04:54:10.401208+00:00] slim-app.INFO: Find user  [{"id":"7","username":"","first_name":"Mai","last_name":"Binh","email":"aasa@gmail.com"}] {"uid":"50e21fd"}
[2020-08-16T04:55:55.729060+00:00] slim-app.INFO: Find user  [{"id":"7","username":"","first_name":"Mai","last_name":"Binh","email":"aasa@gmail.com"}] {"uid":"6ae4dda"}
[2020-08-16T04:56:00.992079+00:00] slim-app.INFO: Find user  [{"id":"3","username":"ádasd","first_name":"Mai","last_name":"Binh","email":"aasa@gmail.com"}] {"uid":"1ee94a5"}
[2020-08-16T04:56:05.382662+00:00] slim-app.INFO: Find user  [] {"uid":"513eb10"}
[2020-08-16T04:59:02.645409+00:00] slim-app.INFO: Find user  {"id":"3","username":"ádasd","first_name":"Mai","last_name":"Binh","email":"aasa@gmail.com"} {"uid":"f541ade"}
[2020-08-16T05:16:20.782833+00:00] slim-app.INFO: Find user  {"id":"7","username":"","first_name":"Mai","last_name":"Binh","email":"aasa@gmail.com"} {"uid":"3fda908"}
[2020-08-16T05:17:19.801873+00:00] slim-app.INFO: Find user  {"id":"7","username":"","first_name":"Mai","last_name":"Binh","email":"aasa@gmail.com"} {"uid":"61d2b59"}
[2020-08-16T05:21:53.485632+00:00] slim-app.INFO: Find user  {"id":"7","username":"","first_name":"Mai","last_name":"Binh","email":"aasa@gmail.com"} {"uid":"f78f351"}
[2020-08-16T05:22:18.663867+00:00] slim-app.INFO: Find user  {"id":"7","username":"","first_name":"Mai","last_name":"Binh","email":"aasa@gmail.com"} {"uid":"d6bf55d"}
[2020-08-16T05:25:33.205815+00:00] slim-app.INFO: User is created {"user_id":8} {"uid":"3a12fbc"}
[2020-08-16T05:25:56.329443+00:00] slim-app.INFO: User is created {"user_id":9} {"uid":"022a6b0"}
[2020-08-16T05:25:59.085100+00:00] slim-app.INFO: User is created {"user_id":10} {"uid":"9ec57de"}
[2020-08-16T05:34:49.809791+00:00] slim-app.INFO: Delete User {"id":"7"} {"uid":"c933c25"}
[2020-08-16T05:34:57.335999+00:00] slim-app.INFO: Delete User {"id":"21"} {"uid":"6947f35"}
[2020-08-16T05:34:58.985906+00:00] slim-app.INFO: Delete User {"id":"21"} {"uid":"8a7ebbf"}
[2020-08-16T05:48:23.936198+00:00] slim-app.INFO: Delete User {"id":"1"} {"uid":"32ef155"}
[2020-08-16T05:48:27.876809+00:00] slim-app.INFO: Delete User {"id":"2"} {"uid":"3ab25cb"}
[2020-08-16T05:49:06.201711+00:00] slim-app.INFO: Delete User {"id":"2"} {"uid":"ad2aeef"}
[2020-08-16T05:50:08.876319+00:00] slim-app.INFO: User updated {"id":6} {"uid":"3b445f7"}
[2020-08-16T05:50:58.011746+00:00] slim-app.INFO: User updated {"id":8} {"uid":"96d7265"}
[2020-08-16T05:58:40.535736+00:00] slim-app.WARNING: User update not found [] {"uid":"1d1534d"}
[2020-08-16T06:00:23.598663+00:00] slim-app.INFO: Delete User {"id":"2"} {"uid":"f8afbca"}
[2020-08-16T06:00:24.354353+00:00] slim-app.INFO: Delete User {"id":"2"} {"uid":"5cce5d5"}
[2020-08-16T06:00:24.972758+00:00] slim-app.INFO: Delete User {"id":"2"} {"uid":"0f9e796"}
[2020-08-16T06:00:25.405257+00:00] slim-app.INFO: Delete User {"id":"2"} {"uid":"a5f7d46"}
[2020-08-16T06:01:06.271295+00:00] slim-app.INFO: Delete User {"id":"2"} {"uid":"21906e0"}
[2020-08-16T06:01:13.024273+00:00] slim-app.WARNING: User not found [] {"uid":"774d632"}
[2020-08-16T06:11:31.717579+00:00] slim-app.INFO: User list [] {"uid":"7eb4f23"}
[2020-08-16T06:18:04.163954+00:00] slim-app.INFO: Delete User {"id":"2"} {"uid":"8f36fcc"}
[2020-08-16T06:18:19.698676+00:00] slim-app.WARNING: User update not found [] {"uid":"dc61ce3"}
[2020-08-16T06:20:26.274280+00:00] slim-app.WARNING: User update not found [] {"uid":"b23232e"}
[2020-08-16T06:20:31.308858+00:00] slim-app.INFO: User updated {"id":3} {"uid":"79add43"}
[2020-08-16T06:20:35.626392+00:00] slim-app.INFO: User updated {"id":3} {"uid":"ed4b9e2"}
[2020-08-16T06:21:38.662820+00:00] slim-app.INFO: User is created {"user_id":11} {"uid":"73be8de"}
[2020-08-16T06:22:40.931419+00:00] slim-app.INFO: User is created {"user_id":12} {"uid":"ba0dc56"}
[2020-08-16T06:38:22.936267+00:00] slim-app.INFO: User is created {"user_id":13} {"uid":"2eb3e28"}
[2020-08-16T06:38:48.529570+00:00] slim-app.INFO: User is created {"user_id":14} {"uid":"6ae1463"}
[2020-08-16T06:39:37.304446+00:00] slim-app.INFO: User is created {"user_id":15} {"uid":"7c62736"}
[2020-08-16T06:40:06.740037+00:00] slim-app.INFO: User is created {"user_id":16} {"uid":"4c2deb9"}
[2020-08-16T06:41:07.585625+00:00] slim-app.INFO: User is created {"user_id":17} {"uid":"87a8f3a"}
[2020-08-16T06:41:24.763156+00:00] slim-app.INFO: User is created {"user_id":18} {"uid":"ec10675"}
[2020-08-16T06:42:01.659970+00:00] slim-app.INFO: User is created {"user_id":19} {"uid":"6c99644"}
[2020-08-16T06:47:41.792841+00:00] slim-app.INFO: User is created {"user_id":20} {"uid":"186f6a2"}
[2020-08-16T06:53:00.031754+00:00] slim-app.INFO: User is created {"user_id":21} {"uid":"bc49837"}
[2020-08-16T06:57:15.685716+00:00] slim-app.INFO: User list [] {"uid":"483a79a"}
[2020-08-16T07:04:00.489200+00:00] slim-app.INFO: User is created {"user_id":22} {"uid":"9c3c1ce"}
[2020-08-16T07:05:57.724178+00:00] slim-app.INFO: User is created {"user_id":23} {"uid":"c6c81ec"}
[2020-08-16T07:08:56.460470+00:00] slim-app.INFO: User is created {"user_id":24} {"uid":"cde28d1"}
[2020-08-16T07:10:02.490607+00:00] slim-app.INFO: User is created {"user_id":25} {"uid":"144422d"}
[2020-08-16T07:11:30.208390+00:00] slim-app.INFO: User is created {"user_id":26} {"uid":"e612688"}
[2020-08-16T07:11:44.913636+00:00] slim-app.INFO: User is created {"user_id":27} {"uid":"f9beece"}
[2020-08-16T07:13:12.870126+00:00] slim-app.INFO: User is created {"user_id":28} {"uid":"0a33d6a"}
[2020-08-16T07:13:21.374213+00:00] slim-app.INFO: User is created {"user_id":29} {"uid":"2554e0b"}
[2020-08-16T07:15:10.076808+00:00] slim-app.INFO: User is created {"user_id":30} {"uid":"e78941e"}
[2020-08-16T07:17:41.358585+00:00] slim-app.INFO: User is created {"user_id":31} {"uid":"252461f"}
[2020-08-16T07:23:10.822649+00:00] slim-app.INFO: User is created {"user_id":32} {"uid":"a6ff40f"}
[2020-08-16T07:23:26.993275+00:00] slim-app.INFO: User is created {"user_id":33} {"uid":"0ab3ac6"}
[2020-08-16T07:24:04.319630+00:00] slim-app.INFO: User is created {"user_id":34} {"uid":"05dac03"}
[2020-08-16T07:28:33.229710+00:00] slim-app.INFO: User is created {"user_id":35} {"uid":"72f931e"}
[2020-08-16T07:28:58.777656+00:00] slim-app.INFO: User is created {"user_id":36} {"uid":"685c7c2"}
[2020-08-16T07:30:34.371265+00:00] slim-app.INFO: User is created {"user_id":37} {"uid":"5616bab"}
[2020-08-16T07:30:41.395840+00:00] slim-app.INFO: User is created {"user_id":38} {"uid":"9c2bb9e"}
[2020-08-16T07:31:06.445890+00:00] slim-app.INFO: User is created {"user_id":39} {"uid":"6b1b5fa"}
[2020-08-16T07:31:20.866178+00:00] slim-app.INFO: User is created {"user_id":40} {"uid":"152f22a"}
[2020-08-16T07:31:48.322282+00:00] slim-app.INFO: User is created {"user_id":41} {"uid":"f85d398"}
[2020-08-16T07:41:54.346593+00:00] slim-app.INFO: User is created {"user_id":42} {"uid":"1605385"}
[2020-08-16T07:43:32.473181+00:00] slim-app.INFO: User is created {"user_id":43} {"uid":"a85d825"}
[2020-08-16T07:45:53.556433+00:00] slim-app.INFO: User is created {"user_id":44} {"uid":"ec7977c"}
[2020-08-16T07:47:44.371003+00:00] slim-app.INFO: User is created {"user_id":45} {"uid":"1ef7f6d"}
[2020-08-16T07:48:24.907861+00:00] slim-app.INFO: User is created {"user_id":46} {"uid":"978908e"}
[2020-08-16T08:14:45.109325+00:00] slim-app.INFO: User is created {"user_id":47} {"uid":"4777e30"}
[2020-08-16T08:15:58.416516+00:00] slim-app.INFO: User is created {"user_id":48} {"uid":"9906288"}
[2020-08-16T10:53:24.753814+00:00] slim-app.INFO: User is created {"user_id":49} {"uid":"b3f56d8"}
[2020-08-16T10:53:52.423703+00:00] slim-app.INFO: User is created {"user_id":50} {"uid":"6bacdf8"}
[2020-08-16T10:54:06.871622+00:00] slim-app.INFO: User is created {"user_id":51} {"uid":"5aba7cd"}
[2020-08-16T10:55:25.306508+00:00] slim-app.INFO: User is created {"user_id":52} {"uid":"2d6a81f"}
[2020-08-16T10:57:53.898079+00:00] slim-app.INFO: User is created {"user_id":53} {"uid":"26e2c03"}
[2020-08-16T10:58:27.459131+00:00] slim-app.INFO: User is created {"user_id":54} {"uid":"08eaca2"}
[2020-08-16T11:00:16.884740+00:00] slim-app.INFO: User is created {"user_id":55} {"uid":"a710790"}
[2020-08-16T11:00:35.576389+00:00] slim-app.INFO: User is created {"user_id":56} {"uid":"f0a86d8"}
[2020-08-16T11:03:53.311157+00:00] slim-app.INFO: User is created {"user_id":57} {"uid":"d5044c8"}
[2020-08-16T15:24:32.754552+00:00] slim-app.INFO: List Species [] {"uid":"871dd2a"}
[2020-08-17T15:26:31.833400+00:00] slim-app.INFO: List Species [] {"uid":"9cee4e4"}
[2020-08-17T16:32:55.419326+00:00] slim-app.WARNING: Classes list by Species id error [] {"uid":"bca2aac"}
[2020-08-17T16:34:32.651226+00:00] slim-app.INFO: Find classes by Species id {"id":"2"} {"uid":"c2a76c8"}
[2020-08-17T16:34:35.531645+00:00] slim-app.INFO: Find classes by Species id {"id":"2"} {"uid":"76b6627"}
[2020-08-17T16:34:38.879373+00:00] slim-app.INFO: Find classes by Species id {"id":"1"} {"uid":"e80fce4"}
[2020-08-17T16:35:56.929286+00:00] slim-app.INFO: Find classes by Species id {"id":"1"} {"uid":"15e3401"}
[2020-08-17T16:36:28.910298+00:00] slim-app.INFO: Find classes by Species id {"id":"1"} {"uid":"ebb9f35"}
[2020-08-17T16:36:35.641879+00:00] slim-app.INFO: Find classes by Species id {"id":"2"} {"uid":"bdcb12b"}
[2020-08-17T16:36:41.502834+00:00] slim-app.INFO: Find classes by Species id {"id":"3"} {"uid":"f702919"}
[2020-08-17T16:36:45.935709+00:00] slim-app.INFO: Find classes by Species id {"id":"4"} {"uid":"e7b2933"}
[2020-08-17T17:37:09.775464+00:00] slim-app.INFO: Find classes by Species id {"loaiId":null} {"uid":"c3fd0fe"}
[2020-08-17T17:37:28.696090+00:00] slim-app.INFO: Find classes by Species id {"loaiId":null} {"uid":"086ee7a"}
[2020-08-17T17:37:30.903895+00:00] slim-app.INFO: Find classes by Species id {"loaiId":null} {"uid":"523c79e"}
[2020-08-17T17:37:31.591691+00:00] slim-app.INFO: Find classes by Species id {"loaiId":null} {"uid":"beed509"}
[2020-08-17T17:37:41.700025+00:00] slim-app.INFO: Find classes by Species id {"loaiId":null} {"uid":"e348c18"}
[2020-08-17T17:37:49.103959+00:00] slim-app.INFO: Find classes by Species id {"loaiId":null} {"uid":"be6a4ce"}
[2020-08-17T17:38:15.246234+00:00] slim-app.INFO: Find classes by Species id {"loaiId":null} {"uid":"b87e52e"}
[2020-08-17T17:38:16.275040+00:00] slim-app.INFO: Find classes by Species id {"loaiId":null} {"uid":"85a1f5d"}
[2020-08-17T17:38:21.279019+00:00] slim-app.INFO: Find classes by Species id {"loaiId":null} {"uid":"32ae5c2"}
[2020-08-17T17:39:25.992574+00:00] slim-app.INFO: Find classes by Species id {"loaiId":"2"} {"uid":"0159215"}
[2020-08-18T14:48:55.394900+00:00] slim-app.INFO: Find Ho {"boId":null} {"uid":"610e345"}
[2020-08-18T14:49:09.827887+00:00] slim-app.INFO: Find Ho {"boId":"2004"} {"uid":"dd9e469"}
[2020-08-19T14:34:40.477671+00:00] slim-app.INFO: User is created {"user_id":58} {"uid":"bae69ca"}
[2020-08-19T14:34:59.285998+00:00] slim-app.INFO: User is created {"user_id":59} {"uid":"e74ca81"}
[2020-08-19T14:40:13.342978+00:00] slim-app.INFO: Find Ho {"boId":null} {"uid":"8d3a357"}
[2020-08-19T15:01:22.916783+00:00] slim-app.INFO: List Species [] {"uid":"1765399"}
[2020-08-19T15:02:20.964559+00:00] slim-app.INFO: List Species [] {"uid":"980a42d"}
[2020-08-19T17:32:12.677379+00:00] slim-app.INFO: User is created {"user_id":60} {"uid":"40aa960"}
[2020-08-19T17:34:05.900542+00:00] slim-app.INFO: User is created {"user_id":61} {"uid":"a52d705"}
[2020-08-19T17:34:10.558210+00:00] slim-app.INFO: User is created {"user_id":62} {"uid":"07258a3"}
[2020-09-09T16:52:58.010180+00:00] slim-app.WARNING: Classes list by Species id error [] {"uid":"be8085b"}
[2020-09-09T16:54:35.463590+00:00] slim-app.WARNING: Classes list by Species id error [] {"uid":"aa96335"}
[2020-09-09T17:02:41.371536+00:00] slim-app.WARNING: Classes list by Species id error [] {"uid":"8a89c04"}
[2020-09-09T17:04:02.280594+00:00] slim-app.INFO: Find classes [] {"uid":"7fc0cce"}
[2020-09-10T07:33:14.271298+00:00] slim-app.INFO: Find classes [] {"uid":"c59a23f"}
[2020-09-10T07:33:27.971222+00:00] slim-app.INFO: Find classes [] {"uid":"f0506b7"}
[2020-09-10T07:33:31.384901+00:00] slim-app.INFO: Find classes [] {"uid":"5492743"}
[2020-09-10T07:34:02.359577+00:00] slim-app.INFO: Find classes [] {"uid":"5634b01"}
[2020-09-10T07:34:47.337881+00:00] slim-app.INFO: Find classes [] {"uid":"651722f"}
[2020-09-10T07:35:13.918064+00:00] slim-app.INFO: Find classes [] {"uid":"9dd8e30"}
[2020-09-10T07:37:12.272235+00:00] slim-app.INFO: Find classes [] {"uid":"9c51f5f"}
[2020-09-10T07:39:42.869611+00:00] slim-app.INFO: Find classes [] {"uid":"09a197f"}
[2020-09-10T07:40:50.009797+00:00] slim-app.INFO: Find classes [] {"uid":"76b8834"}
[2020-09-10T07:40:54.303905+00:00] slim-app.INFO: Find classes [] {"uid":"ea48886"}
[2020-09-10T07:41:02.376878+00:00] slim-app.INFO: Find classes [] {"uid":"6855206"}
[2020-09-10T07:41:09.948007+00:00] slim-app.INFO: Find classes [] {"uid":"d508680"}
[2020-09-10T07:41:54.179523+00:00] slim-app.INFO: Find classes [] {"uid":"92911eb"}
[2020-09-10T07:42:05.398480+00:00] slim-app.INFO: Find classes [] {"uid":"1b24c57"}
[2020-09-10T07:59:22.197634+00:00] slim-app.INFO: Find Groups [] {"uid":"ba439a0"}
[2020-09-10T08:49:42.183429+00:00] slim-app.WARNING: User update not found [] {"uid":"bb10603"}
[2020-09-10T08:54:53.164768+00:00] slim-app.WARNING: Fetch filter error [] {"uid":"a46b585"}
[2020-09-10T08:55:10.201225+00:00] slim-app.WARNING: Fetch filter error [] {"uid":"d396d88"}
[2020-09-11T05:14:38.858444+00:00] slim-app.INFO: List Species [] {"uid":"a50ee6e"}
[2020-09-21T02:58:35.577568+00:00] slim-app.INFO: List Species [] {"uid":"5723ea2"}
[2020-09-21T03:14:26.475947+00:00] slim-app.INFO: List Species [] {"uid":"3b22bcd"}
[2020-09-21T03:17:44.407611+00:00] slim-app.INFO: List Species [] {"uid":"372f835"}
[2020-09-21T03:18:54.487875+00:00] slim-app.INFO: List Species [] {"uid":"de705da"}
[2020-09-21T03:19:06.350932+00:00] slim-app.INFO: List Species [] {"uid":"c9e900f"}
[2020-09-21T03:19:08.802129+00:00] slim-app.INFO: List Species [] {"uid":"80887f2"}
[2020-09-21T03:20:37.387026+00:00] slim-app.INFO: List Species [] {"uid":"b95afd5"}
[2020-09-21T03:20:37.737031+00:00] slim-app.INFO: List Species [] {"uid":"1677c2d"}
[2020-09-21T03:20:38.029025+00:00] slim-app.INFO: List Species [] {"uid":"988a559"}
[2020-09-21T03:20:38.318690+00:00] slim-app.INFO: List Species [] {"uid":"77d6cc6"}
[2020-09-21T03:20:38.605970+00:00] slim-app.INFO: List Species [] {"uid":"a3cd5a7"}
[2020-09-21T03:20:38.897265+00:00] slim-app.INFO: List Species [] {"uid":"8dddb1a"}
[2020-09-21T03:20:39.181164+00:00] slim-app.INFO: List Species [] {"uid":"18471ea"}
[2020-09-21T03:20:39.468192+00:00] slim-app.INFO: List Species [] {"uid":"0d09934"}
[2020-09-21T03:20:39.762294+00:00] slim-app.INFO: List Species [] {"uid":"e661412"}
[2020-09-21T03:20:40.060546+00:00] slim-app.INFO: List Species [] {"uid":"757bc81"}
[2020-09-21T03:20:40.354197+00:00] slim-app.INFO: List Species [] {"uid":"11e8570"}
[2020-09-21T03:20:40.647090+00:00] slim-app.INFO: List Species [] {"uid":"543fc95"}
[2020-09-21T03:20:40.940342+00:00] slim-app.INFO: List Species [] {"uid":"015fb9a"}
[2020-09-21T03:20:41.206149+00:00] slim-app.INFO: List Species [] {"uid":"109221b"}
[2020-09-21T03:20:41.472004+00:00] slim-app.INFO: List Species [] {"uid":"2fae93d"}
[2020-09-21T03:20:41.764100+00:00] slim-app.INFO: List Species [] {"uid":"486099a"}
[2020-09-21T03:20:42.055907+00:00] slim-app.INFO: List Species [] {"uid":"2e43238"}
[2020-09-21T03:20:42.338453+00:00] slim-app.INFO: List Species [] {"uid":"357828f"}
[2020-09-21T03:20:42.611506+00:00] slim-app.INFO: List Species [] {"uid":"9b33d84"}
[2020-09-21T03:20:42.893127+00:00] slim-app.INFO: List Species [] {"uid":"3a99219"}
[2020-09-21T03:20:43.172054+00:00] slim-app.INFO: List Species [] {"uid":"69243bb"}
[2020-09-21T03:20:43.473968+00:00] slim-app.INFO: List Species [] {"uid":"edbb512"}
[2020-09-21T03:20:43.751003+00:00] slim-app.INFO: List Species [] {"uid":"0050216"}
[2020-09-21T03:20:44.032211+00:00] slim-app.INFO: List Species [] {"uid":"b54a1d6"}
[2020-09-21T03:20:44.328528+00:00] slim-app.INFO: List Species [] {"uid":"9825c0f"}
[2020-09-21T03:20:44.629621+00:00] slim-app.INFO: List Species [] {"uid":"4729985"}
[2020-09-21T03:20:44.928833+00:00] slim-app.INFO: List Species [] {"uid":"2839925"}
[2020-09-21T03:20:45.206715+00:00] slim-app.INFO: List Species [] {"uid":"967df9b"}
[2020-09-21T03:20:45.516938+00:00] slim-app.INFO: List Species [] {"uid":"95106b0"}
[2020-09-21T03:20:45.806066+00:00] slim-app.INFO: List Species [] {"uid":"4d757e1"}
[2020-09-21T03:20:46.086881+00:00] slim-app.INFO: List Species [] {"uid":"f8f3e3e"}
[2020-09-21T03:20:46.379865+00:00] slim-app.INFO: List Species [] {"uid":"28b86d9"}
[2020-09-21T03:20:46.670856+00:00] slim-app.INFO: List Species [] {"uid":"8aa3474"}
[2020-09-21T03:20:46.957907+00:00] slim-app.INFO: List Species [] {"uid":"c897e9c"}
[2020-09-21T03:20:47.266093+00:00] slim-app.INFO: List Species [] {"uid":"83c064f"}
[2020-09-21T03:20:47.547253+00:00] slim-app.INFO: List Species [] {"uid":"0b20bcf"}
[2020-09-21T03:20:47.836300+00:00] slim-app.INFO: List Species [] {"uid":"6f2ef14"}
[2020-09-21T03:20:48.125503+00:00] slim-app.INFO: List Species [] {"uid":"960009f"}
[2020-09-21T03:20:48.396130+00:00] slim-app.INFO: List Species [] {"uid":"3fd9385"}
[2020-09-21T03:20:48.679983+00:00] slim-app.INFO: List Species [] {"uid":"bc68b64"}
[2020-09-21T03:20:48.945685+00:00] slim-app.INFO: List Species [] {"uid":"5836613"}
[2020-09-21T03:20:49.217111+00:00] slim-app.INFO: List Species [] {"uid":"cb2dbc0"}
[2020-09-21T03:20:49.505004+00:00] slim-app.INFO: List Species [] {"uid":"13e5e3d"}
[2020-09-21T03:20:49.795358+00:00] slim-app.INFO: List Species [] {"uid":"3dbc454"}
[2020-09-21T03:20:50.079260+00:00] slim-app.INFO: List Species [] {"uid":"57f262a"}
[2020-09-21T03:20:50.367238+00:00] slim-app.INFO: List Species [] {"uid":"d259b38"}
[2020-09-21T03:20:50.653899+00:00] slim-app.INFO: List Species [] {"uid":"7214bbc"}
[2020-09-21T03:20:50.931940+00:00] slim-app.INFO: List Species [] {"uid":"7af99fd"}
[2020-09-21T03:20:51.210232+00:00] slim-app.INFO: List Species [] {"uid":"7c9c65b"}
[2020-09-21T03:20:51.480747+00:00] slim-app.INFO: List Species [] {"uid":"65f075c"}
[2020-09-21T03:20:51.760239+00:00] slim-app.INFO: List Species [] {"uid":"234b952"}
[2020-09-21T03:20:52.047388+00:00] slim-app.INFO: List Species [] {"uid":"bcb86b0"}
[2020-09-21T03:20:52.323858+00:00] slim-app.INFO: List Species [] {"uid":"94910b0"}
[2020-09-21T03:20:52.604018+00:00] slim-app.INFO: List Species [] {"uid":"cbf3ba4"}
[2020-09-21T03:20:52.884473+00:00] slim-app.INFO: List Species [] {"uid":"4fd9bb6"}
[2020-09-21T03:20:53.146572+00:00] slim-app.INFO: List Species [] {"uid":"7ed84ea"}
[2020-09-21T03:20:53.429016+00:00] slim-app.INFO: List Species [] {"uid":"61850b0"}
[2020-09-21T03:20:53.693408+00:00] slim-app.INFO: List Species [] {"uid":"94c18c9"}
[2020-09-21T03:20:53.957564+00:00] slim-app.INFO: List Species [] {"uid":"195f9b1"}
[2020-09-21T03:20:54.243560+00:00] slim-app.INFO: List Species [] {"uid":"82dfc93"}
[2020-09-21T03:20:54.525398+00:00] slim-app.INFO: List Species [] {"uid":"35cff65"}
[2020-09-21T03:20:54.804526+00:00] slim-app.INFO: List Species [] {"uid":"89705d3"}
[2020-09-21T03:20:55.097558+00:00] slim-app.INFO: List Species [] {"uid":"1a1c0a8"}
[2020-09-21T03:20:55.386292+00:00] slim-app.INFO: List Species [] {"uid":"73cf3b1"}
[2020-09-21T03:20:55.686249+00:00] slim-app.INFO: List Species [] {"uid":"7900ee0"}
[2020-09-21T03:20:55.979248+00:00] slim-app.INFO: List Species [] {"uid":"b633264"}
[2020-09-21T03:20:56.272198+00:00] slim-app.INFO: List Species [] {"uid":"e27b7d5"}
[2020-09-21T03:20:56.560313+00:00] slim-app.INFO: List Species [] {"uid":"5b4820b"}
[2020-09-21T03:20:56.848486+00:00] slim-app.INFO: List Species [] {"uid":"2f24c1c"}
[2020-09-21T03:20:57.156593+00:00] slim-app.INFO: List Species [] {"uid":"2050ad6"}
[2020-09-21T03:20:57.452480+00:00] slim-app.INFO: List Species [] {"uid":"4399df0"}
[2020-09-21T03:20:57.723475+00:00] slim-app.INFO: List Species [] {"uid":"fe18890"}
[2020-09-21T03:20:57.993453+00:00] slim-app.INFO: List Species [] {"uid":"385cd85"}
[2020-09-21T03:20:58.285696+00:00] slim-app.INFO: List Species [] {"uid":"f9d9d86"}
[2020-09-21T03:20:58.574990+00:00] slim-app.INFO: List Species [] {"uid":"be49c13"}
[2020-09-21T03:20:58.858280+00:00] slim-app.INFO: List Species [] {"uid":"e45b291"}
[2020-09-21T03:20:59.146586+00:00] slim-app.INFO: List Species [] {"uid":"2d238f2"}
[2020-09-21T03:20:59.439828+00:00] slim-app.INFO: List Species [] {"uid":"f83b202"}
[2020-09-21T03:20:59.724575+00:00] slim-app.INFO: List Species [] {"uid":"44f40f6"}
[2020-09-21T03:21:00.028224+00:00] slim-app.INFO: List Species [] {"uid":"6fcc3c2"}
[2020-09-21T03:21:00.300006+00:00] slim-app.INFO: List Species [] {"uid":"50460d0"}
[2020-09-21T03:21:00.603497+00:00] slim-app.INFO: List Species [] {"uid":"3c98bd4"}
[2020-09-21T03:21:00.891383+00:00] slim-app.INFO: List Species [] {"uid":"ef71c8e"}
[2020-09-21T03:21:01.204336+00:00] slim-app.INFO: List Species [] {"uid":"85f244e"}
[2020-09-21T03:21:01.480591+00:00] slim-app.INFO: List Species [] {"uid":"7ea6e84"}
[2020-09-21T03:21:01.761775+00:00] slim-app.INFO: List Species [] {"uid":"deb1dd9"}
[2020-09-21T03:21:02.036221+00:00] slim-app.INFO: List Species [] {"uid":"68656c9"}
[2020-09-21T03:21:02.334749+00:00] slim-app.INFO: List Species [] {"uid":"7fcb887"}
[2020-09-21T03:21:02.636432+00:00] slim-app.INFO: List Species [] {"uid":"927cd67"}
[2020-09-21T03:21:02.932920+00:00] slim-app.INFO: List Species [] {"uid":"e360b66"}
[2020-09-21T03:21:03.204634+00:00] slim-app.INFO: List Species [] {"uid":"7245189"}
[2020-09-21T03:21:03.484216+00:00] slim-app.INFO: List Species [] {"uid":"bf0af55"}
[2020-09-21T03:21:03.768462+00:00] slim-app.INFO: List Species [] {"uid":"0a62f3b"}
[2020-09-21T03:21:04.047588+00:00] slim-app.INFO: List Species [] {"uid":"6d7699f"}
[2020-09-21T03:21:04.331987+00:00] slim-app.INFO: List Species [] {"uid":"8e680d5"}
[2020-09-21T03:21:04.613553+00:00] slim-app.INFO: List Species [] {"uid":"310c256"}
[2020-09-21T03:21:04.912453+00:00] slim-app.INFO: List Species [] {"uid":"7695176"}
[2020-09-21T03:21:05.200649+00:00] slim-app.INFO: List Species [] {"uid":"88982c3"}
[2020-09-21T03:21:05.495492+00:00] slim-app.INFO: List Species [] {"uid":"afc985f"}
[2020-09-21T03:21:05.784744+00:00] slim-app.INFO: List Species [] {"uid":"508241b"}
[2020-09-21T03:21:06.072807+00:00] slim-app.INFO: List Species [] {"uid":"84c1b77"}
[2020-09-21T03:21:06.364872+00:00] slim-app.INFO: List Species [] {"uid":"a402a03"}
[2020-09-21T03:21:06.612227+00:00] slim-app.INFO: List Species [] {"uid":"f626474"}
[2020-09-21T03:21:06.902099+00:00] slim-app.INFO: List Species [] {"uid":"815132c"}
[2020-09-21T03:21:07.185121+00:00] slim-app.INFO: List Species [] {"uid":"0d563dd"}
[2020-09-21T03:21:07.468813+00:00] slim-app.INFO: List Species [] {"uid":"99d7f4b"}
[2020-09-21T03:21:07.735405+00:00] slim-app.INFO: List Species [] {"uid":"f102f75"}
[2020-09-21T03:21:08.253197+00:00] slim-app.INFO: List Species [] {"uid":"549ee1f"}
[2020-09-21T03:21:08.797170+00:00] slim-app.INFO: List Species [] {"uid":"d10c6fa"}
[2020-09-21T03:21:09.403416+00:00] slim-app.INFO: List Species [] {"uid":"c7b4631"}
[2020-09-21T03:21:09.691686+00:00] slim-app.INFO: List Species [] {"uid":"a774b7e"}
[2020-09-21T03:21:09.987535+00:00] slim-app.INFO: List Species [] {"uid":"221b50f"}
[2020-09-21T03:21:10.311975+00:00] slim-app.INFO: List Species [] {"uid":"249c7cb"}
[2020-09-21T03:21:10.662972+00:00] slim-app.INFO: List Species [] {"uid":"cde81d8"}
[2020-09-21T03:21:10.951553+00:00] slim-app.INFO: List Species [] {"uid":"86a765c"}
[2020-09-21T03:21:11.230002+00:00] slim-app.INFO: List Species [] {"uid":"3ec2683"}
[2020-09-21T03:21:11.586869+00:00] slim-app.INFO: List Species [] {"uid":"d17da0f"}
[2020-09-21T03:21:11.884356+00:00] slim-app.INFO: List Species [] {"uid":"802e3ed"}
[2020-09-21T03:21:12.292911+00:00] slim-app.INFO: List Species [] {"uid":"a49c2cb"}
[2020-09-21T03:21:12.585356+00:00] slim-app.INFO: List Species [] {"uid":"032f76d"}
[2020-09-21T03:21:12.887327+00:00] slim-app.INFO: List Species [] {"uid":"d0b83dd"}
[2020-09-21T03:21:13.169577+00:00] slim-app.INFO: List Species [] {"uid":"09d5fb7"}
[2020-09-21T03:21:13.458732+00:00] slim-app.INFO: List Species [] {"uid":"c7dc25f"}
[2020-09-21T03:21:13.744537+00:00] slim-app.INFO: List Species [] {"uid":"27daca4"}
[2020-09-21T03:21:14.036512+00:00] slim-app.INFO: List Species [] {"uid":"e17d54d"}
[2020-09-21T03:21:14.335791+00:00] slim-app.INFO: List Species [] {"uid":"35d5b8c"}
[2020-09-21T03:21:14.633636+00:00] slim-app.INFO: List Species [] {"uid":"ee7d425"}
[2020-09-21T03:21:14.999648+00:00] slim-app.INFO: List Species [] {"uid":"b8ced9b"}
[2020-09-21T03:21:15.329688+00:00] slim-app.INFO: List Species [] {"uid":"7ce2717"}
[2020-09-21T03:21:15.610356+00:00] slim-app.INFO: List Species [] {"uid":"6225a62"}
[2020-09-21T03:21:15.899656+00:00] slim-app.INFO: List Species [] {"uid":"3f7f870"}
[2020-09-21T03:21:16.185628+00:00] slim-app.INFO: List Species [] {"uid":"10fb9ff"}
[2020-09-21T03:21:16.461113+00:00] slim-app.INFO: List Species [] {"uid":"4fa792a"}
[2020-09-21T03:21:16.761065+00:00] slim-app.INFO: List Species [] {"uid":"5acabe1"}
[2020-09-21T03:21:17.119021+00:00] slim-app.INFO: List Species [] {"uid":"028acb0"}
[2020-09-21T03:21:17.415481+00:00] slim-app.INFO: List Species [] {"uid":"5b79bfb"}
[2020-09-21T03:21:17.695547+00:00] slim-app.INFO: List Species [] {"uid":"9542bde"}
[2020-09-21T03:21:17.981374+00:00] slim-app.INFO: List Species [] {"uid":"474438c"}
[2020-09-21T03:21:18.265816+00:00] slim-app.INFO: List Species [] {"uid":"69408b4"}
[2020-09-21T03:21:18.548166+00:00] slim-app.INFO: List Species [] {"uid":"49f8409"}
[2020-09-21T03:21:18.833129+00:00] slim-app.INFO: List Species [] {"uid":"c5b86b3"}
[2020-09-21T03:21:19.120374+00:00] slim-app.INFO: List Species [] {"uid":"501fd7d"}
[2020-09-21T03:21:19.405133+00:00] slim-app.INFO: List Species [] {"uid":"d616fdb"}
[2020-09-21T03:21:19.716097+00:00] slim-app.INFO: List Species [] {"uid":"70513c8"}
[2020-09-21T03:21:20.054550+00:00] slim-app.INFO: List Species [] {"uid":"6ba6c9a"}
[2020-09-21T03:21:20.352290+00:00] slim-app.INFO: List Species [] {"uid":"31f0d11"}
[2020-09-21T03:21:20.639120+00:00] slim-app.INFO: List Species [] {"uid":"a75595c"}
[2020-09-21T03:21:20.930136+00:00] slim-app.INFO: List Species [] {"uid":"56c2a9f"}
[2020-09-21T03:21:21.225999+00:00] slim-app.INFO: List Species [] {"uid":"96fe46c"}
[2020-09-21T03:21:21.510957+00:00] slim-app.INFO: List Species [] {"uid":"2574e6a"}
[2020-09-21T03:21:21.796141+00:00] slim-app.INFO: List Species [] {"uid":"1d1d657"}
[2020-09-21T03:21:22.089481+00:00] slim-app.INFO: List Species [] {"uid":"3a34737"}
[2020-09-21T03:21:22.377376+00:00] slim-app.INFO: List Species [] {"uid":"fc529a1"}
[2020-09-21T03:21:22.638680+00:00] slim-app.INFO: List Species [] {"uid":"4ac487e"}
[2020-09-21T03:21:22.951274+00:00] slim-app.INFO: List Species [] {"uid":"22f599b"}
[2020-09-21T03:21:23.269266+00:00] slim-app.INFO: List Species [] {"uid":"9e7fc4d"}
[2020-09-21T03:21:23.556944+00:00] slim-app.INFO: List Species [] {"uid":"bce37f9"}
[2020-09-21T03:21:23.839649+00:00] slim-app.INFO: List Species [] {"uid":"8fd32f7"}
[2020-09-21T03:21:24.133358+00:00] slim-app.INFO: List Species [] {"uid":"3593d94"}
[2020-09-21T03:21:24.414773+00:00] slim-app.INFO: List Species [] {"uid":"219f03d"}
[2020-09-21T03:21:24.694768+00:00] slim-app.INFO: List Species [] {"uid":"2b67ff1"}
[2020-09-21T03:21:24.993018+00:00] slim-app.INFO: List Species [] {"uid":"4fc4db8"}
[2020-09-21T03:21:25.289493+00:00] slim-app.INFO: List Species [] {"uid":"73e04c9"}
[2020-09-21T03:21:25.567453+00:00] slim-app.INFO: List Species [] {"uid":"5e3a33b"}
[2020-09-21T03:21:25.860333+00:00] slim-app.INFO: List Species [] {"uid":"3629b25"}
[2020-09-21T03:21:26.209355+00:00] slim-app.INFO: List Species [] {"uid":"add7144"}
[2020-09-21T03:21:26.508832+00:00] slim-app.INFO: List Species [] {"uid":"8512a3c"}
[2020-09-21T03:21:26.789111+00:00] slim-app.INFO: List Species [] {"uid":"b74dec6"}
[2020-09-21T03:21:27.085147+00:00] slim-app.INFO: List Species [] {"uid":"ec71999"}
[2020-09-21T03:21:27.881142+00:00] slim-app.INFO: List Species [] {"uid":"b51bc1c"}
[2020-09-21T03:21:28.434986+00:00] slim-app.INFO: List Species [] {"uid":"83dd742"}
[2020-09-21T03:21:28.716219+00:00] slim-app.INFO: List Species [] {"uid":"f995fba"}
[2020-09-21T03:21:28.997876+00:00] slim-app.INFO: List Species [] {"uid":"40f5406"}
[2020-09-21T03:21:29.287003+00:00] slim-app.INFO: List Species [] {"uid":"93598a3"}
[2020-09-21T03:21:29.571320+00:00] slim-app.INFO: List Species [] {"uid":"4f97f13"}
[2020-09-21T03:21:29.870079+00:00] slim-app.INFO: List Species [] {"uid":"d589574"}
[2020-09-21T03:21:30.165974+00:00] slim-app.INFO: List Species [] {"uid":"642e1c3"}
[2020-09-21T03:21:30.448200+00:00] slim-app.INFO: List Species [] {"uid":"270bdef"}
[2020-09-21T03:21:30.783111+00:00] slim-app.INFO: List Species [] {"uid":"c28891b"}
[2020-09-21T03:21:31.167601+00:00] slim-app.INFO: List Species [] {"uid":"580e326"}
[2020-09-21T03:21:31.477273+00:00] slim-app.INFO: List Species [] {"uid":"404c7c4"}
[2020-09-21T03:21:31.780422+00:00] slim-app.INFO: List Species [] {"uid":"740dcdf"}
[2020-09-21T03:21:32.109080+00:00] slim-app.INFO: List Species [] {"uid":"2e7297d"}
[2020-09-21T03:21:32.509115+00:00] slim-app.INFO: List Species [] {"uid":"454f766"}
[2020-09-21T03:21:32.884215+00:00] slim-app.INFO: List Species [] {"uid":"8379dad"}
[2020-09-21T03:21:33.192278+00:00] slim-app.INFO: List Species [] {"uid":"afb326a"}
[2020-09-21T03:21:33.514127+00:00] slim-app.INFO: List Species [] {"uid":"4b23a11"}
[2020-09-21T03:21:33.794427+00:00] slim-app.INFO: List Species [] {"uid":"4ecdec9"}
[2020-09-21T03:21:34.080505+00:00] slim-app.INFO: List Species [] {"uid":"184f5a3"}
[2020-09-21T03:21:34.341164+00:00] slim-app.INFO: List Species [] {"uid":"aa0d692"}
[2020-09-21T03:21:34.624030+00:00] slim-app.INFO: List Species [] {"uid":"cd301ff"}
[2020-09-21T03:21:34.911330+00:00] slim-app.INFO: List Species [] {"uid":"1d01b6a"}
[2020-09-21T03:21:35.188307+00:00] slim-app.INFO: List Species [] {"uid":"3da10eb"}
[2020-09-21T03:21:35.471232+00:00] slim-app.INFO: List Species [] {"uid":"8e8a09a"}
[2020-09-21T03:21:35.760123+00:00] slim-app.INFO: List Species [] {"uid":"0498d20"}
[2020-09-21T03:21:36.040220+00:00] slim-app.INFO: List Species [] {"uid":"f74a9e7"}
[2020-09-21T03:21:36.312436+00:00] slim-app.INFO: List Species [] {"uid":"634bb61"}
[2020-09-21T03:21:36.607637+00:00] slim-app.INFO: List Species [] {"uid":"44027b3"}
[2020-09-21T03:21:36.893517+00:00] slim-app.INFO: List Species [] {"uid":"d397200"}
[2020-09-21T03:21:37.168511+00:00] slim-app.INFO: List Species [] {"uid":"847c8ff"}
[2020-09-21T03:21:37.453193+00:00] slim-app.INFO: List Species [] {"uid":"a036e71"}
[2020-09-21T03:21:37.736527+00:00] slim-app.INFO: List Species [] {"uid":"7006967"}
[2020-09-21T03:21:38.019481+00:00] slim-app.INFO: List Species [] {"uid":"15757aa"}
[2020-09-21T03:21:38.290084+00:00] slim-app.INFO: List Species [] {"uid":"76fd33c"}
[2020-09-21T03:21:38.564147+00:00] slim-app.INFO: List Species [] {"uid":"015b821"}
[2020-09-21T03:21:38.841541+00:00] slim-app.INFO: List Species [] {"uid":"23bb4b3"}
[2020-09-21T03:21:39.121729+00:00] slim-app.INFO: List Species [] {"uid":"3bb8b30"}
[2020-09-21T03:21:39.409650+00:00] slim-app.INFO: List Species [] {"uid":"a55794a"}
[2020-09-21T03:21:39.693714+00:00] slim-app.INFO: List Species [] {"uid":"c1095d7"}
[2020-09-21T03:21:39.974775+00:00] slim-app.INFO: List Species [] {"uid":"f34992f"}
[2020-09-21T03:21:40.256706+00:00] slim-app.INFO: List Species [] {"uid":"b7ed5bf"}
[2020-09-21T03:21:40.555632+00:00] slim-app.INFO: List Species [] {"uid":"c59e5ec"}
[2020-09-21T03:21:40.840685+00:00] slim-app.INFO: List Species [] {"uid":"9a16065"}
[2020-09-21T03:21:41.128615+00:00] slim-app.INFO: List Species [] {"uid":"1685ba4"}
[2020-09-21T03:21:41.404615+00:00] slim-app.INFO: List Species [] {"uid":"543588f"}
[2020-09-21T03:21:41.665400+00:00] slim-app.INFO: List Species [] {"uid":"f54c3b1"}
[2020-09-21T03:21:41.949018+00:00] slim-app.INFO: List Species [] {"uid":"325e0bf"}
[2020-09-21T03:21:42.235260+00:00] slim-app.INFO: List Species [] {"uid":"14423bb"}
[2020-09-21T03:21:42.529184+00:00] slim-app.INFO: List Species [] {"uid":"849945f"}
[2020-09-21T03:21:42.818191+00:00] slim-app.INFO: List Species [] {"uid":"31bc778"}
[2020-09-21T03:21:43.097042+00:00] slim-app.INFO: List Species [] {"uid":"d73b26d"}
[2020-09-21T03:21:43.377574+00:00] slim-app.INFO: List Species [] {"uid":"bd4817b"}
[2020-09-21T03:21:43.660633+00:00] slim-app.INFO: List Species [] {"uid":"b5185f3"}
[2020-09-21T03:21:43.947776+00:00] slim-app.INFO: List Species [] {"uid":"b83155f"}
[2020-09-21T03:21:44.251482+00:00] slim-app.INFO: List Species [] {"uid":"c6fcf71"}
[2020-09-21T03:21:44.531772+00:00] slim-app.INFO: List Species [] {"uid":"78952a2"}
[2020-09-21T03:21:44.832400+00:00] slim-app.INFO: List Species [] {"uid":"194722b"}
[2020-09-21T03:21:45.131669+00:00] slim-app.INFO: List Species [] {"uid":"1d65e47"}
[2020-09-21T03:21:45.425719+00:00] slim-app.INFO: List Species [] {"uid":"d8964b4"}
[2020-09-21T03:21:45.712574+00:00] slim-app.INFO: List Species [] {"uid":"696b8b7"}
[2020-09-21T03:21:45.986376+00:00] slim-app.INFO: List Species [] {"uid":"c2dbb59"}
[2020-09-21T03:21:46.258479+00:00] slim-app.INFO: List Species [] {"uid":"5fbc16f"}
[2020-09-21T03:21:46.531849+00:00] slim-app.INFO: List Species [] {"uid":"4bb99ce"}
[2020-09-21T03:21:46.818717+00:00] slim-app.INFO: List Species [] {"uid":"2f85d73"}
[2020-09-21T03:21:47.103277+00:00] slim-app.INFO: List Species [] {"uid":"594fe6a"}
[2020-09-21T03:21:47.385448+00:00] slim-app.INFO: List Species [] {"uid":"95f1b44"}
[2020-09-21T03:21:47.668399+00:00] slim-app.INFO: List Species [] {"uid":"9bf3967"}
[2020-09-21T03:21:47.950113+00:00] slim-app.INFO: List Species [] {"uid":"4ea3474"}
[2020-09-21T03:21:48.233668+00:00] slim-app.INFO: List Species [] {"uid":"d3bc4d1"}
[2020-09-21T03:21:48.513437+00:00] slim-app.INFO: List Species [] {"uid":"bcddc9f"}
[2020-09-21T03:21:48.799227+00:00] slim-app.INFO: List Species [] {"uid":"32b36ae"}
[2020-09-21T03:21:49.091301+00:00] slim-app.INFO: List Species [] {"uid":"9832e30"}
[2020-09-21T03:21:49.390339+00:00] slim-app.INFO: List Species [] {"uid":"24c5e6e"}
[2020-09-21T03:21:49.674469+00:00] slim-app.INFO: List Species [] {"uid":"082da79"}
[2020-09-21T03:21:49.968617+00:00] slim-app.INFO: List Species [] {"uid":"5265601"}
[2020-09-21T03:21:50.259251+00:00] slim-app.INFO: List Species [] {"uid":"52d77f5"}
[2020-09-21T03:21:50.555022+00:00] slim-app.INFO: List Species [] {"uid":"c8e3192"}
[2020-09-21T03:21:50.840741+00:00] slim-app.INFO: List Species [] {"uid":"a93e434"}
[2020-09-21T03:21:51.118788+00:00] slim-app.INFO: List Species [] {"uid":"7408aca"}
[2020-09-21T03:21:51.409611+00:00] slim-app.INFO: List Species [] {"uid":"e9e72a6"}
[2020-09-21T03:21:51.697679+00:00] slim-app.INFO: List Species [] {"uid":"deefdda"}
[2020-09-21T03:21:51.994545+00:00] slim-app.INFO: List Species [] {"uid":"ba7a335"}
[2020-09-21T03:21:52.272720+00:00] slim-app.INFO: List Species [] {"uid":"449c957"}
[2020-09-21T03:21:52.548831+00:00] slim-app.INFO: List Species [] {"uid":"928f598"}
[2020-09-21T03:21:52.831434+00:00] slim-app.INFO: List Species [] {"uid":"d443ea4"}
[2020-09-21T03:21:53.113380+00:00] slim-app.INFO: List Species [] {"uid":"c31051b"}
[2020-09-21T03:21:53.372541+00:00] slim-app.INFO: List Species [] {"uid":"459acb6"}
[2020-09-21T03:21:53.662535+00:00] slim-app.INFO: List Species [] {"uid":"d777661"}
[2020-09-21T03:21:53.950457+00:00] slim-app.INFO: List Species [] {"uid":"0d3bed0"}
[2020-09-21T03:21:54.254807+00:00] slim-app.INFO: List Species [] {"uid":"e692c9d"}
[2020-09-21T03:21:54.544051+00:00] slim-app.INFO: List Species [] {"uid":"21483cd"}
[2020-09-21T03:21:54.845040+00:00] slim-app.INFO: List Species [] {"uid":"a9a33f0"}
[2020-09-21T03:21:55.138043+00:00] slim-app.INFO: List Species [] {"uid":"64ac5fb"}
[2020-09-21T03:21:55.403404+00:00] slim-app.INFO: List Species [] {"uid":"a9d2b0b"}
[2020-09-21T03:21:55.691071+00:00] slim-app.INFO: List Species [] {"uid":"abc28d0"}
[2020-09-21T03:21:55.984817+00:00] slim-app.INFO: List Species [] {"uid":"3cfe116"}
[2020-09-21T03:21:56.274693+00:00] slim-app.INFO: List Species [] {"uid":"c2ef778"}
[2020-09-21T03:21:56.562559+00:00] slim-app.INFO: List Species [] {"uid":"8f5a2f9"}
[2020-09-21T03:21:56.857827+00:00] slim-app.INFO: List Species [] {"uid":"b3e744d"}
[2020-09-21T03:21:57.151981+00:00] slim-app.INFO: List Species [] {"uid":"e34acd5"}
[2020-09-21T03:21:57.441274+00:00] slim-app.INFO: List Species [] {"uid":"da1153e"}
[2020-09-21T03:21:57.724022+00:00] slim-app.INFO: List Species [] {"uid":"4853c7a"}
[2020-09-21T03:21:58.008658+00:00] slim-app.INFO: List Species [] {"uid":"d232596"}
[2020-09-21T03:21:58.293033+00:00] slim-app.INFO: List Species [] {"uid":"4b29d9e"}
[2020-09-21T03:21:58.563898+00:00] slim-app.INFO: List Species [] {"uid":"19c9da8"}
[2020-09-21T03:21:58.850151+00:00] slim-app.INFO: List Species [] {"uid":"24a248c"}
[2020-09-21T03:21:59.149223+00:00] slim-app.INFO: List Species [] {"uid":"e1689a7"}
[2020-09-21T03:21:59.444587+00:00] slim-app.INFO: List Species [] {"uid":"a2d5a5a"}
[2020-09-21T03:21:59.736144+00:00] slim-app.INFO: List Species [] {"uid":"6a3d0fd"}
[2020-09-21T03:22:00.030559+00:00] slim-app.INFO: List Species [] {"uid":"01046c0"}
[2020-09-21T03:22:00.334544+00:00] slim-app.INFO: List Species [] {"uid":"d80fe6a"}
[2020-09-21T03:22:00.625788+00:00] slim-app.INFO: List Species [] {"uid":"f02114b"}
[2020-09-21T03:22:00.924391+00:00] slim-app.INFO: List Species [] {"uid":"1c8401b"}
[2020-09-21T03:22:01.215592+00:00] slim-app.INFO: List Species [] {"uid":"7216c46"}
[2020-09-21T03:22:01.503361+00:00] slim-app.INFO: List Species [] {"uid":"931d179"}
[2020-09-21T03:22:01.789235+00:00] slim-app.INFO: List Species [] {"uid":"eb303e6"}
[2020-09-21T03:22:02.068272+00:00] slim-app.INFO: List Species [] {"uid":"db20603"}
[2020-09-21T03:22:02.350868+00:00] slim-app.INFO: List Species [] {"uid":"c792955"}
[2020-09-21T03:22:02.634929+00:00] slim-app.INFO: List Species [] {"uid":"29ae7d7"}
[2020-09-21T03:22:02.919974+00:00] slim-app.INFO: List Species [] {"uid":"ce9d907"}
[2020-09-21T03:22:03.193750+00:00] slim-app.INFO: List Species [] {"uid":"71e8a43"}
[2020-09-21T03:22:03.472519+00:00] slim-app.INFO: List Species [] {"uid":"5ee8f06"}
[2020-09-21T03:22:03.776396+00:00] slim-app.INFO: List Species [] {"uid":"20b6e63"}
[2020-09-21T03:22:04.059764+00:00] slim-app.INFO: List Species [] {"uid":"a52c445"}
[2020-09-21T03:22:04.342602+00:00] slim-app.INFO: List Species [] {"uid":"87c5712"}
[2020-09-21T03:22:04.636777+00:00] slim-app.INFO: List Species [] {"uid":"ce8defe"}
[2020-09-21T03:22:04.933881+00:00] slim-app.INFO: List Species [] {"uid":"8c35043"}
[2020-09-21T03:22:05.220743+00:00] slim-app.INFO: List Species [] {"uid":"4dd31dd"}
[2020-09-21T03:22:05.506029+00:00] slim-app.INFO: List Species [] {"uid":"bee098a"}
[2020-09-21T03:22:05.795749+00:00] slim-app.INFO: List Species [] {"uid":"6cb7d19"}
[2020-09-21T03:22:06.057485+00:00] slim-app.INFO: List Species [] {"uid":"dd6e15e"}
[2020-09-21T03:22:06.333760+00:00] slim-app.INFO: List Species [] {"uid":"8dea945"}
[2020-09-21T03:22:06.607876+00:00] slim-app.INFO: List Species [] {"uid":"3f3de04"}
[2020-09-21T03:22:06.918643+00:00] slim-app.INFO: List Species [] {"uid":"929baf9"}
[2020-09-21T03:22:07.197802+00:00] slim-app.INFO: List Species [] {"uid":"3a764e4"}
[2020-09-21T03:22:07.476155+00:00] slim-app.INFO: List Species [] {"uid":"a226c3c"}
[2020-09-21T03:22:07.757583+00:00] slim-app.INFO: List Species [] {"uid":"01736dc"}
[2020-09-21T03:22:08.052247+00:00] slim-app.INFO: List Species [] {"uid":"1b236b8"}
[2020-09-21T03:22:08.330893+00:00] slim-app.INFO: List Species [] {"uid":"da1b03b"}
[2020-09-21T03:22:08.613189+00:00] slim-app.INFO: List Species [] {"uid":"ddfd7b0"}
[2020-09-21T03:22:08.896975+00:00] slim-app.INFO: List Species [] {"uid":"bae5f23"}
[2020-09-21T03:22:09.178748+00:00] slim-app.INFO: List Species [] {"uid":"72c879a"}
[2020-09-21T03:22:09.469357+00:00] slim-app.INFO: List Species [] {"uid":"d37e59b"}
[2020-09-21T03:22:09.747231+00:00] slim-app.INFO: List Species [] {"uid":"6c5288a"}
[2020-09-21T03:22:10.046167+00:00] slim-app.INFO: List Species [] {"uid":"64f5d87"}
[2020-09-21T03:22:10.327746+00:00] slim-app.INFO: List Species [] {"uid":"8a57b01"}
[2020-09-21T03:22:10.614303+00:00] slim-app.INFO: List Species [] {"uid":"39e54bd"}
[2020-09-21T03:22:10.902917+00:00] slim-app.INFO: List Species [] {"uid":"d733491"}
[2020-09-21T03:22:11.185396+00:00] slim-app.INFO: List Species [] {"uid":"5916f1c"}
[2020-09-21T03:22:11.467189+00:00] slim-app.INFO: List Species [] {"uid":"3e09c9f"}
[2020-09-21T03:22:11.744570+00:00] slim-app.INFO: List Species [] {"uid":"ee19588"}
[2020-09-21T03:22:12.008935+00:00] slim-app.INFO: List Species [] {"uid":"bdee68b"}
[2020-09-21T03:22:12.284015+00:00] slim-app.INFO: List Species [] {"uid":"095753d"}
[2020-09-21T03:22:12.569278+00:00] slim-app.INFO: List Species [] {"uid":"cb1e9e2"}
[2020-09-21T03:22:12.845120+00:00] slim-app.INFO: List Species [] {"uid":"08f4d52"}
[2020-09-21T03:22:13.138987+00:00] slim-app.INFO: List Species [] {"uid":"e7eee80"}
[2020-09-21T03:22:13.443259+00:00] slim-app.INFO: List Species [] {"uid":"d3502b6"}
[2020-09-21T03:22:13.963433+00:00] slim-app.INFO: List Species [] {"uid":"98476fc"}
[2020-09-21T03:22:14.584134+00:00] slim-app.INFO: List Species [] {"uid":"a17f85d"}
[2020-09-21T03:22:15.606327+00:00] slim-app.INFO: List Species [] {"uid":"97b7a11"}
[2020-09-21T03:22:15.927133+00:00] slim-app.INFO: List Species [] {"uid":"23266e4"}
[2020-09-21T03:22:16.207144+00:00] slim-app.INFO: List Species [] {"uid":"4bf042a"}
[2020-09-21T03:22:16.569299+00:00] slim-app.INFO: List Species [] {"uid":"45bd336"}
[2020-09-21T03:22:16.851503+00:00] slim-app.INFO: List Species [] {"uid":"9c05d8c"}
[2020-09-21T03:22:17.131244+00:00] slim-app.INFO: List Species [] {"uid":"d8188a6"}
[2020-09-21T03:22:17.401538+00:00] slim-app.INFO: List Species [] {"uid":"489d22b"}
[2020-09-21T03:22:17.675465+00:00] slim-app.INFO: List Species [] {"uid":"a898307"}
[2020-09-21T03:22:17.976271+00:00] slim-app.INFO: List Species [] {"uid":"a738164"}
[2020-09-21T03:22:18.276436+00:00] slim-app.INFO: List Species [] {"uid":"2a788a7"}
[2020-09-21T03:22:18.836466+00:00] slim-app.INFO: List Species [] {"uid":"97697ed"}
[2020-09-21T03:22:19.114163+00:00] slim-app.INFO: List Species [] {"uid":"d2775cf"}
[2020-09-21T03:22:19.393769+00:00] slim-app.INFO: List Species [] {"uid":"b006b09"}
[2020-09-21T03:22:19.677449+00:00] slim-app.INFO: List Species [] {"uid":"e3bb31e"}
[2020-09-21T03:22:19.973420+00:00] slim-app.INFO: List Species [] {"uid":"76b4a71"}
[2020-09-21T03:22:20.248702+00:00] slim-app.INFO: List Species [] {"uid":"bdbfb31"}
[2020-09-21T03:22:20.529419+00:00] slim-app.INFO: List Species [] {"uid":"697035a"}
[2020-09-21T03:22:20.823590+00:00] slim-app.INFO: List Species [] {"uid":"bb93329"}
[2020-09-21T03:22:21.096435+00:00] slim-app.INFO: List Species [] {"uid":"bf68dbe"}
[2020-09-21T03:22:21.373263+00:00] slim-app.INFO: List Species [] {"uid":"00a196c"}
[2020-09-21T03:22:21.665566+00:00] slim-app.INFO: List Species [] {"uid":"952b112"}
[2020-09-21T03:22:21.948424+00:00] slim-app.INFO: List Species [] {"uid":"624d17c"}
[2020-09-21T03:22:22.248512+00:00] slim-app.INFO: List Species [] {"uid":"85f746b"}
[2020-09-21T03:22:22.555484+00:00] slim-app.INFO: List Species [] {"uid":"94ff323"}
[2020-09-21T03:22:22.848984+00:00] slim-app.INFO: List Species [] {"uid":"f218b10"}
[2020-09-21T03:22:23.167338+00:00] slim-app.INFO: List Species [] {"uid":"f67413d"}
[2020-09-21T03:22:23.470128+00:00] slim-app.INFO: List Species [] {"uid":"0095219"}
[2020-09-21T03:22:23.762415+00:00] slim-app.INFO: List Species [] {"uid":"a2dea3b"}
[2020-09-21T03:22:24.051656+00:00] slim-app.INFO: List Species [] {"uid":"8a50dde"}
[2020-09-21T03:22:24.356907+00:00] slim-app.INFO: List Species [] {"uid":"70ca39f"}
[2020-09-21T03:22:24.658555+00:00] slim-app.INFO: List Species [] {"uid":"50df244"}
[2020-09-21T03:22:24.962244+00:00] slim-app.INFO: List Species [] {"uid":"2211bf2"}
[2020-09-21T03:22:25.264071+00:00] slim-app.INFO: List Species [] {"uid":"f3f6e2d"}
[2020-09-21T03:22:25.578503+00:00] slim-app.INFO: List Species [] {"uid":"ae163d5"}
[2020-09-21T03:22:25.880930+00:00] slim-app.INFO: List Species [] {"uid":"c263939"}
[2020-09-21T03:22:26.167141+00:00] slim-app.INFO: List Species [] {"uid":"4281a37"}
[2020-09-21T03:22:26.446362+00:00] slim-app.INFO: List Species [] {"uid":"19277db"}
[2020-09-21T03:22:26.725138+00:00] slim-app.INFO: List Species [] {"uid":"a50e13b"}
[2020-09-21T03:22:27.022805+00:00] slim-app.INFO: List Species [] {"uid":"5b4365d"}
[2020-09-21T03:22:27.351357+00:00] slim-app.INFO: List Species [] {"uid":"77379db"}
[2020-09-21T03:22:27.687330+00:00] slim-app.INFO: List Species [] {"uid":"de98f64"}
[2020-09-21T03:22:28.014268+00:00] slim-app.INFO: List Species [] {"uid":"a498bec"}
[2020-09-21T03:22:28.298458+00:00] slim-app.INFO: List Species [] {"uid":"ce44fb3"}
[2020-09-21T03:22:28.753902+00:00] slim-app.INFO: List Species [] {"uid":"3dd50a0"}
[2020-09-21T03:24:55.688065+00:00] slim-app.INFO: List Species [] {"uid":"d96d14f"}
[2020-09-21T03:24:56.013044+00:00] slim-app.INFO: List Species [] {"uid":"e6d5573"}
[2020-09-21T03:24:56.442550+00:00] slim-app.INFO: List Species [] {"uid":"c927e22"}
[2020-09-21T03:24:56.739024+00:00] slim-app.INFO: List Species [] {"uid":"9fa22f2"}
[2020-09-21T03:24:57.023438+00:00] slim-app.INFO: List Species [] {"uid":"e3ea9b9"}
[2020-09-21T03:24:57.307409+00:00] slim-app.INFO: List Species [] {"uid":"1c858cb"}
[2020-09-21T03:24:57.610516+00:00] slim-app.INFO: List Species [] {"uid":"750958a"}
[2020-09-21T03:24:57.930365+00:00] slim-app.INFO: List Species [] {"uid":"20b4660"}
[2020-09-21T03:24:58.220072+00:00] slim-app.INFO: List Species [] {"uid":"395f000"}
[2020-09-21T03:24:58.512958+00:00] slim-app.INFO: List Species [] {"uid":"30792d3"}
[2020-09-21T03:24:58.798012+00:00] slim-app.INFO: List Species [] {"uid":"9b17408"}
[2020-09-21T03:24:59.096028+00:00] slim-app.INFO: List Species [] {"uid":"a9764ed"}
[2020-09-21T03:25:16.487941+00:00] slim-app.INFO: List Species [] {"uid":"5f7fd02"}
[2020-09-21T03:26:09.190029+00:00] slim-app.INFO: List Species [] {"uid":"ca1b509"}
[2020-09-21T03:26:09.509444+00:00] slim-app.INFO: List Species [] {"uid":"6df4096"}
[2020-09-21T03:26:09.908213+00:00] slim-app.INFO: List Species [] {"uid":"6ab8fa7"}
[2020-09-21T03:26:10.202320+00:00] slim-app.INFO: List Species [] {"uid":"96d90aa"}
[2020-09-21T03:26:10.499534+00:00] slim-app.INFO: List Species [] {"uid":"52499fd"}
[2020-09-21T03:26:10.820167+00:00] slim-app.INFO: List Species [] {"uid":"31d5c36"}
[2020-09-21T03:26:11.186778+00:00] slim-app.INFO: List Species [] {"uid":"8c3913f"}
[2020-09-21T03:26:11.505853+00:00] slim-app.INFO: List Species [] {"uid":"b834a0a"}
[2020-09-21T03:26:11.805133+00:00] slim-app.INFO: List Species [] {"uid":"fdd08bf"}
[2020-09-21T03:26:12.122467+00:00] slim-app.INFO: List Species [] {"uid":"63d3a94"}
[2020-09-21T03:27:11.877012+00:00] slim-app.INFO: List Species [] {"uid":"7e23b50"}
[2020-09-21T03:29:00.579180+00:00] slim-app.INFO: List Species [] {"uid":"1363178"}
[2020-09-21T03:29:15.308603+00:00] slim-app.INFO: List Species [] {"uid":"b7790f8"}
[2020-09-21T03:29:15.686032+00:00] slim-app.INFO: List Species [] {"uid":"b8f9ae9"}
[2020-09-21T03:29:16.084296+00:00] slim-app.INFO: List Species [] {"uid":"83dc228"}
[2020-09-21T03:29:16.370100+00:00] slim-app.INFO: List Species [] {"uid":"ead3bea"}
[2020-09-21T03:29:16.680339+00:00] slim-app.INFO: List Species [] {"uid":"2fc276b"}
[2020-09-21T03:29:16.993049+00:00] slim-app.INFO: List Species [] {"uid":"c31bad2"}
[2020-09-21T03:29:17.371169+00:00] slim-app.INFO: List Species [] {"uid":"b978261"}
[2020-09-21T03:29:17.681966+00:00] slim-app.INFO: List Species [] {"uid":"7f35b2d"}
[2020-09-21T03:29:17.987510+00:00] slim-app.INFO: List Species [] {"uid":"26ef219"}
[2020-09-21T03:29:18.292142+00:00] slim-app.INFO: List Species [] {"uid":"3a9016b"}
[2020-09-21T03:29:18.616693+00:00] slim-app.INFO: List Species [] {"uid":"5804e9d"}
[2020-09-21T03:29:19.056403+00:00] slim-app.INFO: List Species [] {"uid":"14bdb2a"}
[2020-09-21T03:29:38.932511+00:00] slim-app.INFO: List Species [] {"uid":"490cf8f"}
[2020-09-21T03:29:39.233471+00:00] slim-app.INFO: List Species [] {"uid":"c71538f"}
[2020-09-21T03:29:39.552580+00:00] slim-app.INFO: List Species [] {"uid":"f2bc103"}
[2020-09-21T03:29:39.880636+00:00] slim-app.INFO: List Species [] {"uid":"febbceb"}
[2020-09-21T03:29:40.160412+00:00] slim-app.INFO: List Species [] {"uid":"ba77675"}
[2020-09-21T03:29:40.470513+00:00] slim-app.INFO: List Species [] {"uid":"599cb9a"}
[2020-09-21T03:29:40.804493+00:00] slim-app.INFO: List Species [] {"uid":"904fb88"}
[2020-09-21T03:29:41.082428+00:00] slim-app.INFO: List Species [] {"uid":"3a6f5d0"}
[2020-09-21T03:29:41.394477+00:00] slim-app.INFO: List Species [] {"uid":"8f78af8"}
[2020-09-21T03:29:41.687447+00:00] slim-app.INFO: List Species [] {"uid":"16f333a"}
[2020-09-21T03:29:41.978535+00:00] slim-app.INFO: List Species [] {"uid":"b053f78"}
[2020-09-21T03:29:42.268908+00:00] slim-app.INFO: List Species [] {"uid":"9b921ce"}
[2020-09-21T03:29:42.722869+00:00] slim-app.INFO: List Species [] {"uid":"4a82be3"}
[2020-09-21T03:30:44.651275+00:00] slim-app.INFO: List Species [] {"uid":"0cf9879"}
[2020-09-21T03:30:44.966393+00:00] slim-app.INFO: List Species [] {"uid":"dd6691d"}
[2020-09-21T03:30:45.294373+00:00] slim-app.INFO: List Species [] {"uid":"57565f7"}
[2020-09-21T03:30:45.587259+00:00] slim-app.INFO: List Species [] {"uid":"bdf5edf"}
[2020-09-21T03:30:45.883392+00:00] slim-app.INFO: List Species [] {"uid":"927aa49"}
[2020-09-21T03:30:46.210352+00:00] slim-app.INFO: List Species [] {"uid":"c1c9820"}
[2020-09-21T03:30:46.524282+00:00] slim-app.INFO: List Species [] {"uid":"34fc29f"}
[2020-09-21T03:30:46.807430+00:00] slim-app.INFO: List Species [] {"uid":"87338d2"}
[2020-09-21T03:30:47.109549+00:00] slim-app.INFO: List Species [] {"uid":"2e7fd51"}
[2020-09-21T03:30:47.445248+00:00] slim-app.INFO: List Species [] {"uid":"3103393"}
[2020-09-21T03:32:18.337464+00:00] slim-app.INFO: List Species [] {"uid":"85c72f7"}
[2020-09-21T03:32:32.163355+00:00] slim-app.INFO: List Species [] {"uid":"7e240aa"}
[2020-09-21T03:32:32.493481+00:00] slim-app.INFO: List Species [] {"uid":"b2a14c7"}
[2020-09-21T03:32:32.786980+00:00] slim-app.INFO: List Species [] {"uid":"e420181"}
[2020-09-21T03:32:33.089066+00:00] slim-app.INFO: List Species [] {"uid":"464e4fb"}
[2020-09-21T03:32:33.383243+00:00] slim-app.INFO: List Species [] {"uid":"4de6b14"}
[2020-09-21T03:32:33.671269+00:00] slim-app.INFO: List Species [] {"uid":"c26ef43"}
[2020-09-21T03:32:33.954091+00:00] slim-app.INFO: List Species [] {"uid":"638e69b"}
[2020-09-21T03:32:34.245306+00:00] slim-app.INFO: List Species [] {"uid":"0b245fe"}
[2020-09-21T03:32:34.539835+00:00] slim-app.INFO: List Species [] {"uid":"986c790"}
[2020-09-21T03:32:34.957036+00:00] slim-app.INFO: List Species [] {"uid":"10b8a2d"}
[2020-09-21T03:36:40.195062+00:00] slim-app.INFO: List Species [] {"uid":"0dfd81f"}
[2020-09-21T03:36:40.498766+00:00] slim-app.INFO: List Species [] {"uid":"b6f06af"}
[2020-09-21T03:36:41.405374+00:00] slim-app.INFO: List Species [] {"uid":"f7c6c5f"}
[2020-09-21T03:36:41.613856+00:00] slim-app.INFO: List Species [] {"uid":"5e8faa8"}
[2020-09-21T03:36:41.796787+00:00] slim-app.INFO: List Species [] {"uid":"e694f14"}
[2020-09-21T03:36:41.980962+00:00] slim-app.INFO: List Species [] {"uid":"7080cff"}
[2020-09-21T03:36:42.152827+00:00] slim-app.INFO: List Species [] {"uid":"fe5825e"}
[2020-09-21T03:36:42.329043+00:00] slim-app.INFO: List Species [] {"uid":"3ae1e94"}
[2020-09-21T03:36:42.509034+00:00] slim-app.INFO: List Species [] {"uid":"f2161b3"}
[2020-09-21T03:36:42.707105+00:00] slim-app.INFO: List Species [] {"uid":"c9e0fc5"}
[2020-09-21T03:36:42.901909+00:00] slim-app.INFO: List Species [] {"uid":"8865f0a"}
[2020-09-21T03:36:43.084461+00:00] slim-app.INFO: List Species [] {"uid":"6935ffb"}
[2020-09-21T03:36:43.255466+00:00] slim-app.INFO: List Species [] {"uid":"7bd1a51"}
[2020-09-21T03:36:43.416590+00:00] slim-app.INFO: List Species [] {"uid":"e7bf9d6"}
[2020-09-21T03:36:43.613576+00:00] slim-app.INFO: List Species [] {"uid":"c13188b"}
[2020-09-21T03:36:43.809792+00:00] slim-app.INFO: List Species [] {"uid":"ace1241"}
[2020-09-21T03:36:43.983018+00:00] slim-app.INFO: List Species [] {"uid":"07f6f46"}
[2020-09-21T03:36:44.174995+00:00] slim-app.INFO: List Species [] {"uid":"7ac9f6c"}
[2020-09-22T01:49:09.710996+00:00] slim-app.INFO: List Species [] {"uid":"d8f690b"}
[2020-09-22T01:49:10.072217+00:00] slim-app.INFO: List Species [] {"uid":"9162e7d"}
[2020-09-22T01:49:10.374770+00:00] slim-app.INFO: List Species [] {"uid":"472367b"}
[2020-09-22T01:49:10.654073+00:00] slim-app.INFO: List Species [] {"uid":"f99d5c6"}
[2020-09-22T01:49:10.959944+00:00] slim-app.INFO: List Species [] {"uid":"541f576"}
[2020-09-22T01:49:11.251895+00:00] slim-app.INFO: List Species [] {"uid":"8f8f5c8"}
[2020-09-22T01:49:11.535436+00:00] slim-app.INFO: List Species [] {"uid":"1242169"}
[2020-09-22T01:49:11.884481+00:00] slim-app.INFO: List Species [] {"uid":"6d2dc89"}
[2020-09-22T01:49:12.197107+00:00] slim-app.INFO: List Species [] {"uid":"bea0cdc"}
[2020-09-22T01:49:12.516305+00:00] slim-app.INFO: List Species [] {"uid":"cd147b4"}
[2020-09-22T01:49:12.819095+00:00] slim-app.INFO: List Species [] {"uid":"f03ff58"}
[2020-09-22T01:49:13.114522+00:00] slim-app.INFO: List Species [] {"uid":"f238367"}
[2020-09-22T01:49:13.547279+00:00] slim-app.INFO: List Species [] {"uid":"da297dc"}
[2020-09-22T01:51:26.768142+00:00] slim-app.INFO: List Species [] {"uid":"9f71dd2"}
[2020-09-22T01:51:27.074640+00:00] slim-app.INFO: List Species [] {"uid":"1e36a7a"}
[2020-09-22T01:51:27.484649+00:00] slim-app.INFO: List Species [] {"uid":"e66c562"}
[2020-09-22T01:51:27.785207+00:00] slim-app.INFO: List Species [] {"uid":"d43b34d"}
[2020-09-22T01:51:28.066072+00:00] slim-app.INFO: List Species [] {"uid":"a292fc5"}
[2020-09-22T01:51:28.336913+00:00] slim-app.INFO: List Species [] {"uid":"b3bf403"}
[2020-09-22T01:51:28.620035+00:00] slim-app.INFO: List Species [] {"uid":"94410b9"}
[2020-09-22T01:51:28.899944+00:00] slim-app.INFO: List Species [] {"uid":"df6711f"}
[2020-09-22T01:51:29.176762+00:00] slim-app.INFO: List Species [] {"uid":"f397bd6"}
[2020-09-22T01:51:29.482837+00:00] slim-app.INFO: List Species [] {"uid":"2a6513f"}
[2020-09-22T01:51:29.789269+00:00] slim-app.INFO: List Species [] {"uid":"f751595"}
[2020-09-22T01:51:30.081140+00:00] slim-app.INFO: List Species [] {"uid":"de77ad9"}
[2020-09-22T01:51:30.399129+00:00] slim-app.INFO: List Species [] {"uid":"0382f0a"}
[2020-09-22T01:51:30.687128+00:00] slim-app.INFO: List Species [] {"uid":"bade678"}
[2020-09-22T01:51:30.975271+00:00] slim-app.INFO: List Species [] {"uid":"79c22fa"}
[2020-09-22T01:51:31.288242+00:00] slim-app.INFO: List Species [] {"uid":"065f933"}
[2020-09-22T01:51:31.584578+00:00] slim-app.INFO: List Species [] {"uid":"2137246"}
[2020-09-22T01:51:31.888203+00:00] slim-app.INFO: List Species [] {"uid":"700827b"}
[2020-09-22T01:51:32.176557+00:00] slim-app.INFO: List Species [] {"uid":"21b5531"}
[2020-09-22T01:51:32.479118+00:00] slim-app.INFO: List Species [] {"uid":"7321003"}
[2020-09-22T01:51:32.775089+00:00] slim-app.INFO: List Species [] {"uid":"4bf828d"}
[2020-09-22T01:51:33.058063+00:00] slim-app.INFO: List Species [] {"uid":"dd35781"}
[2020-09-22T01:51:33.335031+00:00] slim-app.INFO: List Species [] {"uid":"a9d988d"}
[2020-09-22T01:51:33.631345+00:00] slim-app.INFO: List Species [] {"uid":"b9afed3"}
[2020-09-22T01:51:33.934866+00:00] slim-app.INFO: List Species [] {"uid":"865dc90"}
[2020-09-22T01:51:34.217737+00:00] slim-app.INFO: List Species [] {"uid":"d69cc5b"}
[2020-09-22T01:51:34.519031+00:00] slim-app.INFO: List Species [] {"uid":"b5e2592"}
[2020-09-22T01:51:34.815009+00:00] slim-app.INFO: List Species [] {"uid":"990500f"}
[2020-09-22T01:51:35.096637+00:00] slim-app.INFO: List Species [] {"uid":"1aeea33"}
[2020-09-22T01:51:35.396997+00:00] slim-app.INFO: List Species [] {"uid":"eecf95a"}
[2020-09-22T01:51:35.685967+00:00] slim-app.INFO: List Species [] {"uid":"7658ade"}
[2020-09-22T01:51:35.976056+00:00] slim-app.INFO: List Species [] {"uid":"0ab8dc7"}
[2020-09-22T01:51:36.270900+00:00] slim-app.INFO: List Species [] {"uid":"9e39d43"}
[2020-09-22T01:51:36.570577+00:00] slim-app.INFO: List Species [] {"uid":"8d521b4"}
[2020-09-22T01:51:36.872015+00:00] slim-app.INFO: List Species [] {"uid":"c89238a"}
[2020-09-22T01:51:37.163999+00:00] slim-app.INFO: List Species [] {"uid":"1edcb5c"}
[2020-09-22T01:51:37.454411+00:00] slim-app.INFO: List Species [] {"uid":"f07bae0"}
[2020-09-22T01:51:37.757549+00:00] slim-app.INFO: List Species [] {"uid":"4ce439a"}
[2020-09-22T01:51:38.077922+00:00] slim-app.INFO: List Species [] {"uid":"d2c5e20"}
[2020-09-22T01:51:38.349687+00:00] slim-app.INFO: List Species [] {"uid":"e2c21de"}
[2020-09-22T01:51:38.633993+00:00] slim-app.INFO: List Species [] {"uid":"7218802"}
[2020-09-22T01:51:38.933770+00:00] slim-app.INFO: List Species [] {"uid":"3a6c550"}
[2020-09-22T01:51:39.233953+00:00] slim-app.INFO: List Species [] {"uid":"5371ba4"}
[2020-09-22T01:51:39.552232+00:00] slim-app.INFO: List Species [] {"uid":"9263988"}
[2020-09-22T01:51:39.847097+00:00] slim-app.INFO: List Species [] {"uid":"6cf8dfe"}
[2020-09-22T01:51:40.131921+00:00] slim-app.INFO: List Species [] {"uid":"2002865"}
[2020-09-22T01:51:40.405035+00:00] slim-app.INFO: List Species [] {"uid":"0df8dca"}
[2020-09-22T01:51:40.691576+00:00] slim-app.INFO: List Species [] {"uid":"2a5b78a"}
[2020-09-22T01:51:41.005428+00:00] slim-app.INFO: List Species [] {"uid":"02c151f"}
[2020-09-22T01:51:41.293100+00:00] slim-app.INFO: List Species [] {"uid":"a722992"}
[2020-09-22T01:51:41.599944+00:00] slim-app.INFO: List Species [] {"uid":"5208094"}
[2020-09-22T01:51:41.906636+00:00] slim-app.INFO: List Species [] {"uid":"60ade01"}
[2020-09-22T01:51:42.221241+00:00] slim-app.INFO: List Species [] {"uid":"b116fc5"}
[2020-09-22T01:53:21.141074+00:00] slim-app.INFO: List Species [] {"uid":"141b56d"}
[2020-09-22T01:53:21.493295+00:00] slim-app.INFO: List Species [] {"uid":"8abd160"}
[2020-09-22T01:53:21.951565+00:00] slim-app.INFO: List Species [] {"uid":"973a635"}
[2020-09-22T01:53:22.276362+00:00] slim-app.INFO: List Species [] {"uid":"b61138d"}
[2020-09-22T01:53:22.578974+00:00] slim-app.INFO: List Species [] {"uid":"d0f09eb"}
[2020-09-22T01:53:22.864219+00:00] slim-app.INFO: List Species [] {"uid":"cd70fe7"}
[2020-09-22T01:53:23.166474+00:00] slim-app.INFO: List Species [] {"uid":"84df81e"}
[2020-09-22T01:53:23.461040+00:00] slim-app.INFO: List Species [] {"uid":"10903e7"}
[2020-09-22T01:53:23.767109+00:00] slim-app.INFO: List Species [] {"uid":"9b05158"}
[2020-09-22T01:53:24.062842+00:00] slim-app.INFO: List Species [] {"uid":"1cc69e2"}
[2020-09-22T01:53:24.384086+00:00] slim-app.INFO: List Species [] {"uid":"28c91f1"}
[2020-09-22T01:53:24.669192+00:00] slim-app.INFO: List Species [] {"uid":"1279854"}
[2020-09-22T01:53:24.973096+00:00] slim-app.INFO: List Species [] {"uid":"6169d43"}
[2020-09-22T01:53:25.267234+00:00] slim-app.INFO: List Species [] {"uid":"da72c2b"}
[2020-09-22T01:53:25.571460+00:00] slim-app.INFO: List Species [] {"uid":"ca841fa"}
[2020-09-22T01:53:25.906387+00:00] slim-app.INFO: List Species [] {"uid":"250751f"}
[2020-09-22T01:53:26.221515+00:00] slim-app.INFO: List Species [] {"uid":"89014fe"}
[2020-09-22T01:53:46.274204+00:00] slim-app.INFO: List Species [] {"uid":"d54cc58"}
[2020-09-22T01:53:46.584170+00:00] slim-app.INFO: List Species [] {"uid":"8a3e515"}
[2020-09-22T01:53:46.882181+00:00] slim-app.INFO: List Species [] {"uid":"81ef864"}
[2020-09-22T01:53:47.164218+00:00] slim-app.INFO: List Species [] {"uid":"e1212ad"}
[2020-09-22T01:53:47.486945+00:00] slim-app.INFO: List Species [] {"uid":"eec47b6"}
[2020-09-22T01:53:47.794574+00:00] slim-app.INFO: List Species [] {"uid":"3745710"}
[2020-09-22T01:53:48.070547+00:00] slim-app.INFO: List Species [] {"uid":"15c03c8"}
[2020-09-22T01:53:48.344939+00:00] slim-app.INFO: List Species [] {"uid":"2d9d088"}
[2020-09-22T01:53:48.631662+00:00] slim-app.INFO: List Species [] {"uid":"8b42e5c"}
[2020-09-22T01:53:48.916842+00:00] slim-app.INFO: List Species [] {"uid":"a71b112"}
[2020-09-22T01:53:49.205660+00:00] slim-app.INFO: List Species [] {"uid":"41e4926"}
[2020-09-22T01:53:49.583524+00:00] slim-app.INFO: List Species [] {"uid":"d28f06f"}
[2020-09-22T01:53:49.916328+00:00] slim-app.INFO: List Species [] {"uid":"d39be43"}
[2020-09-22T01:53:50.226602+00:00] slim-app.INFO: List Species [] {"uid":"57efcf2"}
[2020-09-22T01:53:50.520441+00:00] slim-app.INFO: List Species [] {"uid":"0bbc5f5"}
[2020-09-22T01:53:50.796577+00:00] slim-app.INFO: List Species [] {"uid":"94e22b8"}
[2020-09-22T01:53:51.084594+00:00] slim-app.INFO: List Species [] {"uid":"aa9c90d"}
[2020-09-22T01:53:51.370330+00:00] slim-app.INFO: List Species [] {"uid":"8870c5e"}
[2020-09-22T01:53:51.661559+00:00] slim-app.INFO: List Species [] {"uid":"8c75b5c"}
[2020-09-22T01:53:51.940178+00:00] slim-app.INFO: List Species [] {"uid":"0d4971e"}
[2020-09-22T01:53:52.248070+00:00] slim-app.INFO: List Species [] {"uid":"5bda39e"}
[2020-09-22T01:53:52.550531+00:00] slim-app.INFO: List Species [] {"uid":"a04c9fe"}
[2020-09-22T01:53:52.858557+00:00] slim-app.INFO: List Species [] {"uid":"4a4a7f6"}
[2020-09-22T01:53:53.156793+00:00] slim-app.INFO: List Species [] {"uid":"c53ef5f"}
[2020-09-22T01:53:53.448112+00:00] slim-app.INFO: List Species [] {"uid":"9a81acd"}
[2020-09-22T01:53:53.765065+00:00] slim-app.INFO: List Species [] {"uid":"520122e"}
[2020-09-22T01:53:54.113033+00:00] slim-app.INFO: List Species [] {"uid":"d1b6900"}
[2020-09-22T01:53:54.465921+00:00] slim-app.INFO: List Species [] {"uid":"f0d0553"}
[2020-09-22T01:53:54.807243+00:00] slim-app.INFO: List Species [] {"uid":"438b491"}
[2020-09-22T01:53:55.091515+00:00] slim-app.INFO: List Species [] {"uid":"62ac47c"}
[2020-09-22T01:53:55.376425+00:00] slim-app.INFO: List Species [] {"uid":"21a5137"}
[2020-09-22T01:53:55.694801+00:00] slim-app.INFO: List Species [] {"uid":"4d34872"}
[2020-09-22T01:53:55.991529+00:00] slim-app.INFO: List Species [] {"uid":"608c203"}
[2020-09-22T01:53:56.296716+00:00] slim-app.INFO: List Species [] {"uid":"6d79490"}
[2020-09-22T01:53:56.606404+00:00] slim-app.INFO: List Species [] {"uid":"6d2f224"}
[2020-09-22T01:53:56.900236+00:00] slim-app.INFO: List Species [] {"uid":"6610ff6"}
[2020-09-22T01:53:57.196162+00:00] slim-app.INFO: List Species [] {"uid":"9b3d72e"}
[2020-09-22T01:53:57.498616+00:00] slim-app.INFO: List Species [] {"uid":"f0c1ed1"}
[2020-09-22T01:53:57.810291+00:00] slim-app.INFO: List Species [] {"uid":"1931d4d"}
[2020-09-22T01:53:58.132559+00:00] slim-app.INFO: List Species [] {"uid":"3448e8d"}
[2020-09-22T01:53:58.446434+00:00] slim-app.INFO: List Species [] {"uid":"3e0d135"}
[2020-09-22T01:53:58.751190+00:00] slim-app.INFO: List Species [] {"uid":"d2fd70b"}
[2020-09-22T01:53:59.062639+00:00] slim-app.INFO: List Species [] {"uid":"23098df"}
[2020-09-22T01:53:59.362010+00:00] slim-app.INFO: List Species [] {"uid":"5635ab8"}
[2020-09-22T01:53:59.647424+00:00] slim-app.INFO: List Species [] {"uid":"1e92c3e"}
[2020-09-22T01:53:59.966836+00:00] slim-app.INFO: List Species [] {"uid":"3bcbb01"}
[2020-09-22T01:54:00.278507+00:00] slim-app.INFO: List Species [] {"uid":"fbce867"}
[2020-09-22T01:54:00.591118+00:00] slim-app.INFO: List Species [] {"uid":"936b409"}
[2020-09-22T01:54:00.937496+00:00] slim-app.INFO: List Species [] {"uid":"1d74cda"}
[2020-09-22T01:54:01.264410+00:00] slim-app.INFO: List Species [] {"uid":"b27e65b"}
[2020-09-22T01:54:01.559921+00:00] slim-app.INFO: List Species [] {"uid":"ba40320"}
[2020-09-22T01:54:01.877517+00:00] slim-app.INFO: List Species [] {"uid":"8a57a47"}
[2020-09-22T01:54:02.203699+00:00] slim-app.INFO: List Species [] {"uid":"d8ef97e"}
[2020-09-22T01:54:02.525777+00:00] slim-app.INFO: List Species [] {"uid":"9357b27"}
[2020-09-22T01:54:02.820775+00:00] slim-app.INFO: List Species [] {"uid":"355e3d3"}
[2020-09-22T01:54:03.122706+00:00] slim-app.INFO: List Species [] {"uid":"6962e02"}
[2020-09-22T01:54:03.435558+00:00] slim-app.INFO: List Species [] {"uid":"c417ab4"}
[2020-09-22T01:54:03.723376+00:00] slim-app.INFO: List Species [] {"uid":"861cf3d"}
[2020-09-22T01:54:04.054630+00:00] slim-app.INFO: List Species [] {"uid":"28dad3f"}
[2020-09-22T01:54:04.359504+00:00] slim-app.INFO: List Species [] {"uid":"50b673d"}
[2020-09-22T01:54:04.704613+00:00] slim-app.INFO: List Species [] {"uid":"ab833bc"}
[2020-09-22T01:54:05.027232+00:00] slim-app.INFO: List Species [] {"uid":"854dcfc"}
[2020-09-22T01:54:05.347936+00:00] slim-app.INFO: List Species [] {"uid":"35d7b88"}
[2020-09-22T01:54:05.666144+00:00] slim-app.INFO: List Species [] {"uid":"082d94e"}
[2020-09-22T01:54:05.990311+00:00] slim-app.INFO: List Species [] {"uid":"5a8e568"}
[2020-09-22T01:54:06.279705+00:00] slim-app.INFO: List Species [] {"uid":"dd35973"}
[2020-09-22T01:55:25.116224+00:00] slim-app.INFO: List Species [] {"uid":"f24ac52"}
[2020-09-22T01:55:25.620208+00:00] slim-app.INFO: List Species [] {"uid":"64ddfeb"}
[2020-09-22T01:55:26.034214+00:00] slim-app.INFO: List Species [] {"uid":"9c27bed"}
[2020-09-22T01:55:26.397492+00:00] slim-app.INFO: List Species [] {"uid":"7a68565"}
[2020-09-22T01:55:26.772248+00:00] slim-app.INFO: List Species [] {"uid":"70bc71d"}
[2020-09-22T01:55:27.135289+00:00] slim-app.INFO: List Species [] {"uid":"41b51ee"}
[2020-09-22T01:55:27.530392+00:00] slim-app.INFO: List Species [] {"uid":"ddda55b"}
[2020-09-22T01:55:27.893308+00:00] slim-app.INFO: List Species [] {"uid":"ad35d51"}
[2020-09-22T01:55:28.241148+00:00] slim-app.INFO: List Species [] {"uid":"afafcf8"}
[2020-09-22T01:59:02.024071+00:00] slim-app.INFO: List Species [] {"uid":"2ead231"}
[2020-09-22T01:59:02.305321+00:00] slim-app.INFO: List Species [] {"uid":"adadf35"}
[2020-09-22T01:59:02.632137+00:00] slim-app.INFO: List Species [] {"uid":"0d08526"}
[2020-09-22T01:59:02.987604+00:00] slim-app.INFO: List Species [] {"uid":"90041e7"}
[2020-09-22T01:59:03.268170+00:00] slim-app.INFO: List Species [] {"uid":"1c707e2"}
[2020-09-22T01:59:03.576925+00:00] slim-app.INFO: List Species [] {"uid":"7ccfd99"}
[2020-09-22T01:59:03.891224+00:00] slim-app.INFO: List Species [] {"uid":"e4ad893"}
[2020-09-22T01:59:04.212403+00:00] slim-app.INFO: List Species [] {"uid":"7ec7f79"}
[2020-09-22T01:59:04.577268+00:00] slim-app.INFO: List Species [] {"uid":"12dd007"}
[2020-09-22T01:59:04.904086+00:00] slim-app.INFO: List Species [] {"uid":"79cc760"}
[2020-09-22T01:59:05.234940+00:00] slim-app.INFO: List Species [] {"uid":"e664e06"}
[2020-09-22T01:59:05.521304+00:00] slim-app.INFO: List Species [] {"uid":"f606cbb"}
[2020-09-22T01:59:05.821111+00:00] slim-app.INFO: List Species [] {"uid":"1bd9b75"}
[2020-09-22T01:59:06.116169+00:00] slim-app.INFO: List Species [] {"uid":"9bb100a"}
[2020-09-22T01:59:06.523364+00:00] slim-app.INFO: List Species [] {"uid":"7954a98"}
[2020-09-22T02:00:10.378206+00:00] slim-app.INFO: List Species [] {"uid":"6502fcd"}
[2020-09-22T02:00:10.680112+00:00] slim-app.INFO: List Species [] {"uid":"51f7060"}
[2020-09-22T02:00:10.982115+00:00] slim-app.INFO: List Species [] {"uid":"75ea1e2"}
[2020-09-22T02:00:11.295138+00:00] slim-app.INFO: List Species [] {"uid":"b0af644"}
[2020-09-22T02:00:11.634816+00:00] slim-app.INFO: List Species [] {"uid":"e46cbe9"}
[2020-09-22T02:00:11.918279+00:00] slim-app.INFO: List Species [] {"uid":"24b5950"}
[2020-09-22T02:00:12.192856+00:00] slim-app.INFO: List Species [] {"uid":"1990ccb"}
[2020-09-22T02:00:12.473911+00:00] slim-app.INFO: List Species [] {"uid":"b77c218"}
[2020-09-22T02:00:12.772383+00:00] slim-app.INFO: List Species [] {"uid":"295df5f"}
[2020-09-22T02:00:13.078058+00:00] slim-app.INFO: List Species [] {"uid":"cb1ef32"}
[2020-09-22T02:00:13.396759+00:00] slim-app.INFO: List Species [] {"uid":"9c9351c"}
[2020-09-22T02:00:13.739269+00:00] slim-app.INFO: List Species [] {"uid":"8902c9e"}
[2020-09-22T02:00:14.176537+00:00] slim-app.INFO: List Species [] {"uid":"ef7b2ed"}
[2020-09-22T02:00:14.573188+00:00] slim-app.INFO: List Species [] {"uid":"5290eb8"}
[2020-09-22T02:00:50.254915+00:00] slim-app.INFO: List Species [] {"uid":"698ab6f"}
[2020-09-22T02:01:04.362381+00:00] slim-app.INFO: List Species [] {"uid":"460e4aa"}
[2020-09-22T02:02:51.835217+00:00] slim-app.INFO: List Species [] {"uid":"15c26ac"}
[2020-09-22T02:03:15.582546+00:00] slim-app.INFO: List Species [] {"uid":"31b7ddd"}
[2020-09-22T02:03:15.879099+00:00] slim-app.INFO: List Species [] {"uid":"5111512"}
[2020-09-22T02:03:16.186384+00:00] slim-app.INFO: List Species [] {"uid":"52373a1"}
[2020-09-22T02:03:16.476430+00:00] slim-app.INFO: List Species [] {"uid":"5dd0d64"}
[2020-09-22T02:03:16.769545+00:00] slim-app.INFO: List Species [] {"uid":"d81a05d"}
[2020-09-22T02:03:17.070407+00:00] slim-app.INFO: List Species [] {"uid":"f98f237"}
[2020-09-22T02:03:17.351399+00:00] slim-app.INFO: List Species [] {"uid":"0872fed"}
[2020-09-22T02:03:17.648872+00:00] slim-app.INFO: List Species [] {"uid":"f09da40"}
[2020-09-22T02:03:17.961592+00:00] slim-app.INFO: List Species [] {"uid":"f70c351"}
[2020-09-22T02:03:18.389454+00:00] slim-app.INFO: List Species [] {"uid":"4d86fa6"}
[2020-09-22T02:04:47.263533+00:00] slim-app.INFO: List Species [] {"uid":"39adf2e"}
[2020-09-22T02:04:47.549996+00:00] slim-app.INFO: List Species [] {"uid":"4c314c2"}
[2020-09-22T02:04:47.844186+00:00] slim-app.INFO: List Species [] {"uid":"b24ccce"}
[2020-09-22T02:04:48.158426+00:00] slim-app.INFO: List Species [] {"uid":"a9b65b2"}
[2020-09-22T02:04:48.445461+00:00] slim-app.INFO: List Species [] {"uid":"95c131b"}
[2020-09-22T02:04:48.745537+00:00] slim-app.INFO: List Species [] {"uid":"8afbd8e"}
[2020-09-22T02:04:49.108026+00:00] slim-app.INFO: List Species [] {"uid":"88b7112"}
[2020-09-22T02:04:49.449440+00:00] slim-app.INFO: List Species [] {"uid":"d933f48"}
[2020-09-22T02:04:49.735516+00:00] slim-app.INFO: List Species [] {"uid":"195f19a"}
[2020-09-22T02:04:50.151035+00:00] slim-app.INFO: List Species [] {"uid":"40adc2a"}
[2020-09-22T02:06:20.069566+00:00] slim-app.INFO: List Species [] {"uid":"0d02ddc"}
[2020-09-22T02:06:20.383921+00:00] slim-app.INFO: List Species [] {"uid":"82c1203"}
[2020-09-22T02:06:20.789152+00:00] slim-app.INFO: List Species [] {"uid":"3a87638"}
[2020-09-22T02:06:21.116679+00:00] slim-app.INFO: List Species [] {"uid":"7bcb4a8"}
[2020-09-22T02:06:21.436252+00:00] slim-app.INFO: List Species [] {"uid":"b6ad8cb"}
[2020-09-22T02:06:21.780393+00:00] slim-app.INFO: List Species [] {"uid":"3c6495f"}
[2020-09-22T02:06:22.086084+00:00] slim-app.INFO: List Species [] {"uid":"57d028f"}
[2020-09-22T02:06:22.412595+00:00] slim-app.INFO: List Species [] {"uid":"c996335"}
[2020-09-22T02:06:22.918485+00:00] slim-app.INFO: List Species [] {"uid":"48da3d4"}
[2020-09-22T02:14:56.213402+00:00] slim-app.INFO: List Species [] {"uid":"fdc6f1c"}
[2020-09-22T02:14:56.507439+00:00] slim-app.INFO: List Species [] {"uid":"8b6157d"}
[2020-09-22T02:14:56.838617+00:00] slim-app.INFO: List Species [] {"uid":"25259cc"}
[2020-09-22T02:14:57.165440+00:00] slim-app.INFO: List Species [] {"uid":"735a506"}
[2020-09-22T02:14:57.459033+00:00] slim-app.INFO: List Species [] {"uid":"2469a4f"}
[2020-09-22T02:14:57.751461+00:00] slim-app.INFO: List Species [] {"uid":"da310be"}
[2020-09-22T02:14:58.061749+00:00] slim-app.INFO: List Species [] {"uid":"d6438fa"}
[2020-09-22T02:14:58.358885+00:00] slim-app.INFO: List Species [] {"uid":"b76169a"}
[2020-09-22T02:14:58.684911+00:00] slim-app.INFO: List Species [] {"uid":"e139e24"}
[2020-09-22T02:14:58.982365+00:00] slim-app.INFO: List Species [] {"uid":"36d385f"}
[2020-09-22T02:14:59.303513+00:00] slim-app.INFO: List Species [] {"uid":"c34985f"}
[2020-09-22T02:14:59.682966+00:00] slim-app.INFO: List Species [] {"uid":"37890df"}
[2020-09-22T02:15:00.148180+00:00] slim-app.INFO: List Species [] {"uid":"791651b"}
[2020-09-22T02:16:57.388717+00:00] slim-app.INFO: List Species [] {"uid":"4f31d4a"}
[2020-09-22T02:16:57.709820+00:00] slim-app.INFO: List Species [] {"uid":"cddc4a9"}
[2020-09-22T02:16:58.303990+00:00] slim-app.INFO: List Species [] {"uid":"da27e7a"}
[2020-09-22T02:16:58.667622+00:00] slim-app.INFO: List Species [] {"uid":"ad47e48"}
[2020-09-22T02:16:59.150430+00:00] slim-app.INFO: List Species [] {"uid":"0af3421"}
[2020-09-22T02:16:59.803862+00:00] slim-app.INFO: List Species [] {"uid":"9b026e6"}
[2020-09-22T02:17:00.310028+00:00] slim-app.INFO: List Species [] {"uid":"62e04b5"}
[2020-09-22T02:17:00.895011+00:00] slim-app.INFO: List Species [] {"uid":"7e43cfa"}
[2020-09-22T02:17:01.437480+00:00] slim-app.INFO: List Species [] {"uid":"9031a95"}
[2020-09-22T02:17:02.004126+00:00] slim-app.INFO: List Species [] {"uid":"5439a6b"}
[2020-09-22T02:17:02.470211+00:00] slim-app.INFO: List Species [] {"uid":"5040cfc"}
[2020-09-22T02:17:03.015059+00:00] slim-app.INFO: List Species [] {"uid":"2970e52"}
[2020-09-22T02:17:03.579331+00:00] slim-app.INFO: List Species [] {"uid":"fe435a0"}
[2020-09-22T02:17:04.540901+00:00] slim-app.INFO: List Species [] {"uid":"b8da2cd"}
[2020-09-22T02:20:24.668565+00:00] slim-app.INFO: List Species [] {"uid":"c58cba3"}
[2020-09-22T02:20:25.361013+00:00] slim-app.INFO: List Species [] {"uid":"e34e167"}
[2020-09-22T02:20:25.701710+00:00] slim-app.INFO: List Species [] {"uid":"602a1cd"}
[2020-09-22T02:20:26.017013+00:00] slim-app.INFO: List Species [] {"uid":"5a47c71"}
[2020-09-22T02:20:26.352581+00:00] slim-app.INFO: List Species [] {"uid":"8332aba"}
[2020-09-22T02:20:26.643085+00:00] slim-app.INFO: List Species [] {"uid":"cba8e4a"}
[2020-09-22T02:20:26.937924+00:00] slim-app.INFO: List Species [] {"uid":"1969a9b"}
[2020-09-22T02:20:27.227477+00:00] slim-app.INFO: List Species [] {"uid":"0f1e2c1"}
[2020-09-22T02:20:27.518057+00:00] slim-app.INFO: List Species [] {"uid":"d0ea145"}
[2020-09-22T02:20:27.791433+00:00] slim-app.INFO: List Species [] {"uid":"3a31308"}
[2020-09-22T02:20:28.141012+00:00] slim-app.INFO: List Species [] {"uid":"94d5443"}
[2020-09-22T02:20:28.581380+00:00] slim-app.INFO: List Species [] {"uid":"eaf82e4"}
[2020-09-22T02:20:28.895111+00:00] slim-app.INFO: List Species [] {"uid":"a8dc352"}
[2020-09-22T02:20:29.219401+00:00] slim-app.INFO: List Species [] {"uid":"94fd803"}
[2020-09-22T02:20:29.572425+00:00] slim-app.INFO: List Species [] {"uid":"8986481"}
[2020-09-22T02:20:30.089338+00:00] slim-app.INFO: List Species [] {"uid":"38a5f7b"}
[2020-09-22T02:20:30.398053+00:00] slim-app.INFO: List Species [] {"uid":"66d9eae"}
[2020-09-22T02:20:30.835074+00:00] slim-app.INFO: List Species [] {"uid":"26c733f"}
[2020-09-22T02:20:31.165944+00:00] slim-app.INFO: List Species [] {"uid":"8820ea8"}
[2020-09-22T02:20:31.668085+00:00] slim-app.INFO: List Species [] {"uid":"ea18dbd"}
[2020-09-22T02:20:32.205845+00:00] slim-app.INFO: List Species [] {"uid":"0aa245c"}
[2020-09-22T02:21:39.170511+00:00] slim-app.INFO: List Species [] {"uid":"df7b308"}
[2020-09-22T02:21:39.534057+00:00] slim-app.INFO: List Species [] {"uid":"396de42"}
[2020-09-22T02:21:39.882375+00:00] slim-app.INFO: List Species [] {"uid":"15a574a"}
[2020-09-22T02:21:40.288795+00:00] slim-app.INFO: List Species [] {"uid":"a517a03"}
[2020-09-22T02:21:40.625553+00:00] slim-app.INFO: List Species [] {"uid":"d259f37"}
[2020-09-22T02:21:40.941310+00:00] slim-app.INFO: List Species [] {"uid":"33cb32b"}
[2020-09-22T02:21:41.267855+00:00] slim-app.INFO: List Species [] {"uid":"1882b21"}
[2020-09-22T02:21:41.619523+00:00] slim-app.INFO: List Species [] {"uid":"202061c"}
[2020-09-22T02:21:41.917617+00:00] slim-app.INFO: List Species [] {"uid":"1c879c2"}
[2020-09-22T02:21:42.378173+00:00] slim-app.INFO: List Species [] {"uid":"0755e4f"}
[2020-09-22T02:21:42.732782+00:00] slim-app.INFO: List Species [] {"uid":"5c15152"}
[2020-09-22T02:21:43.042156+00:00] slim-app.INFO: List Species [] {"uid":"b5ea373"}
[2020-09-22T02:21:43.370536+00:00] slim-app.INFO: List Species [] {"uid":"ad0b1f3"}
[2020-09-22T02:21:43.717328+00:00] slim-app.INFO: List Species [] {"uid":"a1553bc"}
[2020-09-22T02:21:44.058877+00:00] slim-app.INFO: List Species [] {"uid":"56d35b6"}
[2020-09-22T02:21:44.429374+00:00] slim-app.INFO: List Species [] {"uid":"e7eb2b3"}
[2020-09-22T02:21:44.781781+00:00] slim-app.INFO: List Species [] {"uid":"f430b95"}
[2020-09-22T02:21:45.184347+00:00] slim-app.INFO: List Species [] {"uid":"7ddb2c1"}
[2020-09-22T02:21:45.480026+00:00] slim-app.INFO: List Species [] {"uid":"045240a"}
[2020-09-22T02:21:45.839187+00:00] slim-app.INFO: List Species [] {"uid":"f2b55ee"}
[2020-09-22T02:21:46.468104+00:00] slim-app.INFO: List Species [] {"uid":"d686f1f"}
[2020-09-22T02:24:25.516511+00:00] slim-app.INFO: List Species [] {"uid":"dc9fe20"}
[2020-09-22T02:24:52.177071+00:00] slim-app.INFO: List Species [] {"uid":"2eee128"}
[2020-09-22T02:26:45.860257+00:00] slim-app.INFO: List Species [] {"uid":"582efa8"}
[2020-09-22T02:26:46.174574+00:00] slim-app.INFO: List Species [] {"uid":"cd6dd77"}
[2020-09-22T02:26:51.574056+00:00] slim-app.INFO: List Species [] {"uid":"748d9db"}
[2020-09-22T02:26:51.928076+00:00] slim-app.INFO: List Species [] {"uid":"76d9016"}
[2020-09-22T02:29:46.476218+00:00] slim-app.INFO: List Species [] {"uid":"c0df82e"}
[2020-09-22T02:30:15.007085+00:00] slim-app.INFO: List Species [] {"uid":"529c68b"}
[2020-09-22T02:33:37.249137+00:00] slim-app.INFO: List Species [] {"uid":"dcbe0f0"}
[2020-09-22T02:33:37.882210+00:00] slim-app.INFO: List Species [] {"uid":"2d5b7eb"}
[2020-09-22T02:33:38.335985+00:00] slim-app.INFO: List Species [] {"uid":"eb6411a"}
[2020-09-22T02:33:38.632737+00:00] slim-app.INFO: List Species [] {"uid":"800303d"}
[2020-09-22T02:33:38.938403+00:00] slim-app.INFO: List Species [] {"uid":"70d6ddc"}
[2020-09-22T02:33:39.239342+00:00] slim-app.INFO: List Species [] {"uid":"29bd845"}
[2020-09-22T02:33:39.543172+00:00] slim-app.INFO: List Species [] {"uid":"5e0f22d"}
[2020-09-22T02:33:39.842627+00:00] slim-app.INFO: List Species [] {"uid":"582d313"}
[2020-09-22T02:33:40.171547+00:00] slim-app.INFO: List Species [] {"uid":"22ff5f4"}
[2020-09-22T02:33:40.450095+00:00] slim-app.INFO: List Species [] {"uid":"43fb011"}
[2020-09-22T02:33:40.744228+00:00] slim-app.INFO: List Species [] {"uid":"6ac7c39"}
[2020-09-22T02:33:41.033273+00:00] slim-app.INFO: List Species [] {"uid":"ddff3a0"}
[2020-09-22T02:33:41.306454+00:00] slim-app.INFO: List Species [] {"uid":"1c11952"}
[2020-09-22T02:33:41.596377+00:00] slim-app.INFO: List Species [] {"uid":"528c00e"}
[2020-09-22T02:33:41.896127+00:00] slim-app.INFO: List Species [] {"uid":"73c29bf"}
[2020-09-22T02:33:42.183116+00:00] slim-app.INFO: List Species [] {"uid":"d7f3793"}
[2020-09-22T02:33:42.552793+00:00] slim-app.INFO: List Species [] {"uid":"fe6478d"}
[2020-09-22T02:33:42.982884+00:00] slim-app.INFO: List Species [] {"uid":"74619d0"}
[2020-09-22T02:35:11.989027+00:00] slim-app.INFO: List Species [] {"uid":"052a844"}
[2020-09-22T02:35:12.286320+00:00] slim-app.INFO: List Species [] {"uid":"b678a77"}
[2020-09-22T02:35:12.630742+00:00] slim-app.INFO: List Species [] {"uid":"fdd83a0"}
[2020-09-22T02:35:13.027483+00:00] slim-app.INFO: List Species [] {"uid":"f5e1b46"}
[2020-09-22T02:35:13.338074+00:00] slim-app.INFO: List Species [] {"uid":"eadb461"}
[2020-09-22T02:35:13.631536+00:00] slim-app.INFO: List Species [] {"uid":"a5e53f4"}
[2020-09-22T02:35:13.924077+00:00] slim-app.INFO: List Species [] {"uid":"492a1ba"}
[2020-09-22T02:35:14.211347+00:00] slim-app.INFO: List Species [] {"uid":"96b2a3c"}
[2020-09-22T02:35:14.509180+00:00] slim-app.INFO: List Species [] {"uid":"18650d6"}
[2020-09-22T02:35:14.809128+00:00] slim-app.INFO: List Species [] {"uid":"71dd499"}
[2020-09-22T02:35:15.109482+00:00] slim-app.INFO: List Species [] {"uid":"7160d12"}
[2020-09-22T02:35:15.396478+00:00] slim-app.INFO: List Species [] {"uid":"73bd926"}
[2020-09-22T02:35:15.687089+00:00] slim-app.INFO: List Species [] {"uid":"4750609"}
[2020-09-22T02:35:15.964354+00:00] slim-app.INFO: List Species [] {"uid":"a16efab"}
[2020-09-22T02:35:16.261184+00:00] slim-app.INFO: List Species [] {"uid":"e31699f"}
[2020-09-22T02:35:16.701940+00:00] slim-app.INFO: List Species [] {"uid":"ef7328a"}
[2020-09-22T02:35:51.371263+00:00] slim-app.INFO: List Species [] {"uid":"8b2168e"}
[2020-09-22T02:35:51.707808+00:00] slim-app.INFO: List Species [] {"uid":"5cdaff3"}
[2020-09-22T02:35:52.004253+00:00] slim-app.INFO: List Species [] {"uid":"7a96e9f"}
[2020-09-22T02:35:52.332515+00:00] slim-app.INFO: List Species [] {"uid":"689ff62"}
[2020-09-22T02:35:52.654656+00:00] slim-app.INFO: List Species [] {"uid":"84c8fbe"}
[2020-09-22T02:35:52.950084+00:00] slim-app.INFO: List Species [] {"uid":"47bb176"}
[2020-09-22T02:35:53.235157+00:00] slim-app.INFO: List Species [] {"uid":"ca2ecc5"}
[2020-09-22T02:35:53.533170+00:00] slim-app.INFO: List Species [] {"uid":"9ca45df"}
[2020-09-22T02:35:53.823440+00:00] slim-app.INFO: List Species [] {"uid":"8658595"}
[2020-09-22T02:35:54.103823+00:00] slim-app.INFO: List Species [] {"uid":"6b8f6b9"}
[2020-09-22T02:35:54.411281+00:00] slim-app.INFO: List Species [] {"uid":"44ba01d"}
[2020-09-22T02:35:54.713303+00:00] slim-app.INFO: List Species [] {"uid":"8fbc48e"}
[2020-09-22T02:35:55.007676+00:00] slim-app.INFO: List Species [] {"uid":"aff9bc9"}
[2020-09-22T02:35:55.299180+00:00] slim-app.INFO: List Species [] {"uid":"0ea4209"}
[2020-09-22T02:35:55.572479+00:00] slim-app.INFO: List Species [] {"uid":"2f3e906"}
[2020-09-22T02:35:55.853165+00:00] slim-app.INFO: List Species [] {"uid":"5a403a3"}
[2020-09-22T02:35:56.141021+00:00] slim-app.INFO: List Species [] {"uid":"f59b32d"}
[2020-09-22T02:35:56.423053+00:00] slim-app.INFO: List Species [] {"uid":"edd0b6d"}
[2020-09-22T02:35:56.703515+00:00] slim-app.INFO: List Species [] {"uid":"2c57cab"}
[2020-09-22T02:35:56.983101+00:00] slim-app.INFO: List Species [] {"uid":"1127fc8"}
[2020-09-22T02:35:57.269105+00:00] slim-app.INFO: List Species [] {"uid":"e90ff93"}
[2020-09-22T02:35:57.571064+00:00] slim-app.INFO: List Species [] {"uid":"a94244c"}
[2020-09-22T02:35:57.848684+00:00] slim-app.INFO: List Species [] {"uid":"b39ad45"}
[2020-09-22T02:35:58.135193+00:00] slim-app.INFO: List Species [] {"uid":"8d67c5e"}
[2020-09-22T02:35:58.410041+00:00] slim-app.INFO: List Species [] {"uid":"1bab495"}
[2020-09-22T02:35:58.674324+00:00] slim-app.INFO: List Species [] {"uid":"db9c714"}
[2020-09-22T02:35:58.952235+00:00] slim-app.INFO: List Species [] {"uid":"8c05844"}
[2020-09-22T02:35:59.233210+00:00] slim-app.INFO: List Species [] {"uid":"a4a4a6c"}
[2020-09-22T02:35:59.719944+00:00] slim-app.INFO: List Species [] {"uid":"233e0d9"}
[2020-09-22T02:58:30.212815+00:00] slim-app.INFO: List Species [] {"uid":"47d70da"}
[2020-09-22T02:58:30.607359+00:00] slim-app.INFO: List Species [] {"uid":"c9160bd"}
[2020-09-22T02:58:30.929806+00:00] slim-app.INFO: List Species [] {"uid":"2df3bd1"}
[2020-09-22T02:58:31.241219+00:00] slim-app.INFO: List Species [] {"uid":"c637640"}
[2020-09-22T02:58:31.548955+00:00] slim-app.INFO: List Species [] {"uid":"cef3c42"}
[2020-09-22T02:58:31.869232+00:00] slim-app.INFO: List Species [] {"uid":"c8d4b6c"}
[2020-09-22T02:58:32.186810+00:00] slim-app.INFO: List Species [] {"uid":"1c3711e"}
[2020-09-22T02:58:32.494995+00:00] slim-app.INFO: List Species [] {"uid":"cbbd97c"}
[2020-09-22T02:58:32.833952+00:00] slim-app.INFO: List Species [] {"uid":"a2a768c"}
[2020-09-22T02:58:33.200102+00:00] slim-app.INFO: List Species [] {"uid":"964fd04"}
[2020-09-22T02:58:33.513141+00:00] slim-app.INFO: List Species [] {"uid":"ac68aa5"}
[2020-09-22T02:58:33.849617+00:00] slim-app.INFO: List Species [] {"uid":"5c71f68"}
[2020-09-22T02:58:34.165222+00:00] slim-app.INFO: List Species [] {"uid":"c3572de"}
[2020-09-22T03:03:08.570305+00:00] slim-app.INFO: List Species [] {"uid":"63f57a0"}
[2020-09-22T03:03:16.235132+00:00] slim-app.INFO: List Species [] {"uid":"243bf11"}
[2020-09-22T03:03:53.935145+00:00] slim-app.INFO: List Species [] {"uid":"f0e974b"}
[2020-09-22T03:04:39.652342+00:00] slim-app.INFO: List Species [] {"uid":"17a4690"}
[2020-09-22T03:07:49.275031+00:00] slim-app.INFO: List Species [] {"uid":"e7913a3"}
[2020-09-22T03:08:14.940468+00:00] slim-app.INFO: List Species [] {"uid":"ba0cd15"}
[2020-09-22T03:08:46.478092+00:00] slim-app.INFO: List Species [] {"uid":"8790de4"}
[2020-09-22T03:13:31.820250+00:00] slim-app.INFO: List Species [] {"uid":"e3451f3"}
[2020-09-22T03:16:49.023713+00:00] slim-app.INFO: List Species [] {"uid":"43fc82d"}
[2020-09-22T03:17:29.659302+00:00] slim-app.INFO: List Species [] {"uid":"6617e25"}
[2020-09-22T03:19:20.622259+00:00] slim-app.INFO: List Species [] {"uid":"0d6bd4c"}
[2020-09-22T03:21:43.252717+00:00] slim-app.INFO: List Species [] {"uid":"ab071d1"}
[2020-09-22T03:21:55.822360+00:00] slim-app.INFO: List Species [] {"uid":"4c61289"}
[2020-09-22T03:26:29.507237+00:00] slim-app.INFO: List Species [] {"uid":"922970a"}
[2020-09-22T03:26:44.025878+00:00] slim-app.INFO: List Species [] {"uid":"9f5a1f3"}
[2020-09-22T03:28:15.628195+00:00] slim-app.INFO: List Species [] {"uid":"a422210"}
[2020-09-22T03:29:01.386033+00:00] slim-app.INFO: List Species [] {"uid":"94c9d64"}
[2020-09-22T03:29:44.006217+00:00] slim-app.INFO: List Species [] {"uid":"36f3949"}
[2020-09-22T03:30:35.128600+00:00] slim-app.INFO: List Species [] {"uid":"9edc3f2"}
[2020-09-22T03:31:19.542276+00:00] slim-app.INFO: List Species [] {"uid":"e031b9e"}
[2020-09-22T03:31:53.922132+00:00] slim-app.INFO: List Species [] {"uid":"a554b4a"}
[2020-09-22T03:34:22.770561+00:00] slim-app.INFO: List Species [] {"uid":"f631dc3"}
[2020-09-22T03:35:10.358129+00:00] slim-app.INFO: List Species [] {"uid":"d32e42e"}
[2020-09-22T03:37:23.032550+00:00] slim-app.INFO: List Species [] {"uid":"4d7efcb"}
[2020-09-22T03:37:45.407576+00:00] slim-app.INFO: List Species [] {"uid":"632a45c"}
[2020-09-22T03:38:37.636941+00:00] slim-app.INFO: List Species [] {"uid":"51d5466"}
[2020-09-22T03:38:39.137333+00:00] slim-app.INFO: List Species [] {"uid":"6fb29d6"}
[2020-09-22T03:39:11.290356+00:00] slim-app.INFO: List Species [] {"uid":"7137dc7"}
[2020-09-22T04:30:47.226351+00:00] slim-app.INFO: List Species [] {"uid":"ee42bf3"}
[2020-09-22T05:40:15.995728+00:00] slim-app.INFO: List Species [] {"uid":"f68e772"}
[2020-09-22T05:40:31.474756+00:00] slim-app.INFO: List Species [] {"uid":"512e2d3"}
[2020-09-22T05:41:03.461846+00:00] slim-app.INFO: List Species [] {"uid":"6e81ac5"}
[2020-09-22T05:41:54.365966+00:00] slim-app.INFO: List Species [] {"uid":"c9fd536"}
[2020-09-22T05:47:54.482771+00:00] slim-app.INFO: List Species [] {"uid":"4fc41b4"}
[2020-09-22T05:48:09.508971+00:00] slim-app.INFO: List Species [] {"uid":"c09c4dd"}
[2020-09-22T05:50:25.745705+00:00] slim-app.INFO: List Species [] {"uid":"c074863"}
[2020-09-22T05:50:33.894689+00:00] slim-app.INFO: List Species [] {"uid":"c241166"}
[2020-09-22T05:51:20.931370+00:00] slim-app.INFO: List Species [] {"uid":"a14b2f7"}
[2020-09-22T05:52:02.867513+00:00] slim-app.INFO: List Species [] {"uid":"9adf166"}
[2020-09-22T05:52:50.385983+00:00] slim-app.INFO: List Species [] {"uid":"87491d1"}
[2020-09-22T05:54:02.101884+00:00] slim-app.INFO: List Species [] {"uid":"b4fa6b5"}
[2020-09-22T05:54:45.684604+00:00] slim-app.INFO: List Species [] {"uid":"55ab47b"}
[2020-09-22T05:56:47.892140+00:00] slim-app.INFO: List Species [] {"uid":"6bd438c"}
[2020-09-22T05:57:48.635175+00:00] slim-app.INFO: List Species [] {"uid":"f4bfb7c"}
[2020-09-22T05:58:19.452224+00:00] slim-app.INFO: List Species [] {"uid":"362dbc3"}
[2020-09-22T06:00:59.621629+00:00] slim-app.INFO: List Species [] {"uid":"f098402"}
[2020-09-22T06:05:17.472215+00:00] slim-app.INFO: List Species [] {"uid":"9bf832b"}
[2020-09-22T06:06:15.227001+00:00] slim-app.INFO: List Species [] {"uid":"2c1f067"}
[2020-09-22T06:06:22.304947+00:00] slim-app.INFO: List Species [] {"uid":"4ebaef8"}
[2020-09-22T06:06:41.295883+00:00] slim-app.INFO: List Species [] {"uid":"81798bf"}
[2020-09-22T06:06:49.591110+00:00] slim-app.INFO: List Species [] {"uid":"d905246"}
[2020-09-22T06:07:06.023309+00:00] slim-app.INFO: List Species [] {"uid":"827bf8a"}
[2020-09-22T06:07:09.690190+00:00] slim-app.INFO: List Species [] {"uid":"ed770d1"}
[2020-09-22T07:05:51.433116+00:00] slim-app.INFO: List Species [] {"uid":"001a024"}
[2020-09-22T07:07:36.355838+00:00] slim-app.INFO: List Species [] {"uid":"3ab2694"}
